#
# There is insufficient memory for the Java Runtime Environment to continue.
# Native memory allocation (malloc) failed to allocate 727216 bytes for Chunk::new
# Possible reasons:
#   The system is out of physical RAM or swap space
#   The process is running with CompressedOops enabled, and the Java Heap may be blocking the growth of the native heap
# Possible solutions:
#   Reduce memory load on the system
#   Increase physical memory or swap space
#   Check if swap backing store is full
#   Decrease Java heap size (-Xmx/-Xms)
#   Decrease number of Java threads
#   Decrease Java thread stack sizes (-Xss)
#   Set larger code cache with -XX:ReservedCodeCacheSize=
#   JVM is running with Unscaled Compressed Oops mode in which the Java heap is
#     placed in the first 4GB address space. The Java Heap base address is the
#     maximum limit for the native heap growth. Please use -XX:HeapBaseMinAddress
#     to set the Java Heap base and to place the Java Heap above 4GB virtual address.
# This output file may be truncated or incomplete.
#
#  Out of Memory Error (./open/src/hotspot/share/memory/arena.cpp:195), pid=7852, tid=10760
#
# JRE version: OpenJDK Runtime Environment (14.0.1+7) (build 14.0.1+7)
# Java VM: OpenJDK 64-Bit Server VM (14.0.1+7, mixed mode, sharing, tiered, compressed oops, g1 gc, windows-amd64)
# No core dump will be written. Minidumps are not enabled by default on client versions of Windows
#

---------------  S U M M A R Y ------------

Command Line: -Dmaven.multiModuleProjectDirectory=E:\Personal Projects\Certifications\Coursera\expense\Git Repo\Springboot-React-js-AWS -Dmaven.home=C:\Program Files\JetBrains\IntelliJ IDEA 2020.1.3\plugins\maven\lib\maven3 -Dclassworlds.conf=C:\Program Files\JetBrains\IntelliJ IDEA 2020.1.3\plugins\maven\lib\maven3\bin\m2.conf -Dmaven.ext.class.path=C:\Program Files\JetBrains\IntelliJ IDEA 2020.1.3\plugins\maven\lib\maven-event-listener.jar -javaagent:C:\Program Files\JetBrains\IntelliJ IDEA 2020.1.3\lib\idea_rt.jar=60761:C:\Program Files\JetBrains\IntelliJ IDEA 2020.1.3\bin -Dfile.encoding=UTF-8 org.codehaus.classworlds.Launcher -Didea.version2020.1.3 install

Host: Intel(R) Core(TM) i5-3210M CPU @ 2.50GHz, 4 cores, 7G,  Windows 10 , 64 bit Build 19041 (10.0.19041.804)
Time: Fri May  7 23:12:22 2021 Mountain Daylight Time elapsed time: 188 seconds (0d 0h 3m 8s)

---------------  T H R E A D  ---------------

Current thread (0x000001b4ad281000):  JavaThread "C2 CompilerThread0" daemon [_thread_in_native, id=10760, stack(0x000000ab02100000,0x000000ab02200000)]


Current CompileTask:
C2: 188369 5350       4       org.codehaus.plexus.util.xml.Xpp3DomBuilder::build (413 bytes)

Stack: [0x000000ab02100000,0x000000ab02200000]
Native frames: (J=compiled Java code, j=interpreted, Vv=VM code, C=native code)
V  [jvm.dll+0x5f840a]
V  [jvm.dll+0x741e4a]
V  [jvm.dll+0x7435ff]
V  [jvm.dll+0x743c43]
V  [jvm.dll+0x20d288]
V  [jvm.dll+0xabb07]
V  [jvm.dll+0xac1fc]
V  [jvm.dll+0x31c468]
V  [jvm.dll+0x18ce00]
V  [jvm.dll+0x1e5efa]
V  [jvm.dll+0x1e50b8]
V  [jvm.dll+0x1779cc]
V  [jvm.dll+0x1f4105]
V  [jvm.dll+0x1f22eb]
V  [jvm.dll+0x706a9d]
V  [jvm.dll+0x6ff8ba]
V  [jvm.dll+0x5f72c6]
C  [ucrtbase.dll+0x21bb2]
C  [KERNEL32.DLL+0x17034]
C  [ntdll.dll+0x52651]


---------------  P R O C E S S  ---------------

Threads class SMR info:
_java_thread_list=0x000001b4b3293550, length=17, elements={
0x000001b48eadc000, 0x000001b4ad25f800, 0x000001b4ad261000, 0x000001b4ad278800,
0x000001b4ad27d000, 0x000001b4ad27e800, 0x000001b4ad281000, 0x000001b4ad28f000,
0x000001b4ad297000, 0x000001b4ad245800, 0x000001b4add67800, 0x000001b4addf0000,
0x000001b4af399800, 0x000001b4afb03000, 0x000001b4afb57000, 0x000001b4afb58000,
0x000001b4afb59800
}

Java Threads: ( => current thread )
  0x000001b48eadc000 JavaThread "main" [_thread_in_native, id=15392, stack(0x000000ab01500000,0x000000ab01600000)]
  0x000001b4ad25f800 JavaThread "Reference Handler" daemon [_thread_blocked, id=14356, stack(0x000000ab01c00000,0x000000ab01d00000)]
  0x000001b4ad261000 JavaThread "Finalizer" daemon [_thread_blocked, id=2628, stack(0x000000ab01d00000,0x000000ab01e00000)]
  0x000001b4ad278800 JavaThread "Signal Dispatcher" daemon [_thread_blocked, id=9944, stack(0x000000ab01e00000,0x000000ab01f00000)]
  0x000001b4ad27d000 JavaThread "Attach Listener" daemon [_thread_blocked, id=1096, stack(0x000000ab01f00000,0x000000ab02000000)]
  0x000001b4ad27e800 JavaThread "Service Thread" daemon [_thread_blocked, id=2232, stack(0x000000ab02000000,0x000000ab02100000)]
=>0x000001b4ad281000 JavaThread "C2 CompilerThread0" daemon [_thread_in_native, id=10760, stack(0x000000ab02100000,0x000000ab02200000)]
  0x000001b4ad28f000 JavaThread "C1 CompilerThread0" daemon [_thread_blocked, id=11032, stack(0x000000ab02200000,0x000000ab02300000)]
  0x000001b4ad297000 JavaThread "Sweeper thread" daemon [_thread_blocked, id=10408, stack(0x000000ab02300000,0x000000ab02400000)]
  0x000001b4ad245800 JavaThread "Common-Cleaner" daemon [_thread_blocked, id=16976, stack(0x000000ab02400000,0x000000ab02500000)]
  0x000001b4add67800 JavaThread "Monitor Ctrl-Break" daemon [_thread_in_native, id=4332, stack(0x000000ab02500000,0x000000ab02600000)]
  0x000001b4addf0000 JavaThread "Notification Thread" daemon [_thread_blocked, id=18844, stack(0x000000ab02600000,0x000000ab02700000)]
  0x000001b4af399800 JavaThread "resolver-1" daemon [_thread_blocked, id=9348, stack(0x000000ab01200000,0x000000ab01300000)]
  0x000001b4afb03000 JavaThread "resolver-2" daemon [_thread_blocked, id=18860, stack(0x000000ab01300000,0x000000ab01400000)]
  0x000001b4afb57000 JavaThread "resolver-3" daemon [_thread_blocked, id=19304, stack(0x000000ab01400000,0x000000ab01500000)]
  0x000001b4afb58000 JavaThread "resolver-4" daemon [_thread_blocked, id=3368, stack(0x000000ab02d00000,0x000000ab02e00000)]
  0x000001b4afb59800 JavaThread "resolver-5" daemon [_thread_blocked, id=14792, stack(0x000000ab02e00000,0x000000ab02f00000)]

Other Threads:
  0x000001b4ad25c000 VMThread "VM Thread" [stack: 0x000000ab01b00000,0x000000ab01c00000] [id=6812]
  0x000001b4addf0800 WatcherThread [stack: 0x000000ab02700000,0x000000ab02800000] [id=15044]
  0x000001b48eb21000 GCTaskThread "GC Thread#0" [stack: 0x000000ab01600000,0x000000ab01700000] [id=9192]
  0x000001b4adc14800 GCTaskThread "GC Thread#1" [stack: 0x000000ab02800000,0x000000ab02900000] [id=9896]
  0x000001b4ae610800 GCTaskThread "GC Thread#2" [stack: 0x000000ab02900000,0x000000ab02a00000] [id=7216]
  0x000001b48eb32000 ConcurrentGCThread "G1 Main Marker" [stack: 0x000000ab01700000,0x000000ab01800000] [id=12104]
  0x000001b48eb34000 ConcurrentGCThread "G1 Conc#0" [stack: 0x000000ab01800000,0x000000ab01900000] [id=18128]
  0x000001b4ad0e0800 ConcurrentGCThread "G1 Refine#0" [stack: 0x000000ab01900000,0x000000ab01a00000] [id=19328]
  0x000001b4add45800 ConcurrentGCThread "G1 Refine#1" [stack: 0x000000ab02a00000,0x000000ab02b00000] [id=15584]
  0x000001b4ad0e1000 ConcurrentGCThread "G1 Young RemSet Sampling" [stack: 0x000000ab01a00000,0x000000ab01b00000] [id=14732]

Threads with active compile tasks:
C2 CompilerThread0   190611 5350       4       org.codehaus.plexus.util.xml.Xpp3DomBuilder::build (413 bytes)

VM state:not at safepoint (normal execution)

VM Mutex/Monitor currently owned by a thread: None

Heap address: 0x0000000081e00000, size: 2018 MB, Compressed Oops mode: 32-bit
Narrow klass base: 0x0000000800000000, Narrow klass shift: 3
Compressed class space size: 1073741824 Address: 0x0000000800b30000

Heap:
 garbage-first heap   total 131072K, used 46433K [0x0000000081e00000, 0x0000000100000000)
  region size 1024K, 34 young (34816K), 5 survivors (5120K)
 Metaspace       used 22140K, capacity 22896K, committed 23168K, reserved 1069056K
  class space    used 2400K, capacity 2649K, committed 2688K, reserved 1048576K
Heap Regions: E=young(eden), S=young(survivor), O=old, HS=humongous(starts), HC=humongous(continues), CS=collection set, F=free, OA=open archive, CA=closed archive, TAMS=top-at-mark-start (previous, next)
|   0|0x0000000081e00000, 0x0000000081f00000, 0x0000000081f00000|100%| O|  |TAMS 0x0000000081f00000, 0x0000000081e00000| Untracked 
|   1|0x0000000081f00000, 0x0000000082000000, 0x0000000082000000|100%| O|  |TAMS 0x0000000082000000, 0x0000000081f00000| Untracked 
|   2|0x0000000082000000, 0x0000000082100000, 0x0000000082100000|100%| O|  |TAMS 0x0000000082100000, 0x0000000082000000| Untracked 
|   3|0x0000000082100000, 0x0000000082200000, 0x0000000082200000|100%| O|  |TAMS 0x0000000082200000, 0x0000000082100000| Untracked 
|   4|0x0000000082200000, 0x0000000082300000, 0x0000000082300000|100%| O|  |TAMS 0x0000000082300000, 0x0000000082200000| Untracked 
|   5|0x0000000082300000, 0x0000000082400000, 0x0000000082400000|100%| O|  |TAMS 0x0000000082400000, 0x0000000082300000| Untracked 
|   6|0x0000000082400000, 0x0000000082500000, 0x0000000082500000|100%| O|  |TAMS 0x0000000082500000, 0x0000000082400000| Untracked 
|   7|0x0000000082500000, 0x0000000082600000, 0x0000000082600000|100%| O|  |TAMS 0x0000000082600000, 0x0000000082500000| Untracked 
|   8|0x0000000082600000, 0x0000000082700000, 0x0000000082700000|100%| O|  |TAMS 0x0000000082700000, 0x0000000082600000| Untracked 
|   9|0x0000000082700000, 0x0000000082800000, 0x0000000082800000|100%| O|  |TAMS 0x0000000082800000, 0x0000000082700000| Untracked 
|  10|0x0000000082800000, 0x0000000082900000, 0x0000000082900000|100%| O|  |TAMS 0x000000008287a200, 0x0000000082800000| Untracked 
|  11|0x0000000082900000, 0x0000000082900000, 0x0000000082a00000|  0%| F|  |TAMS 0x0000000082900000, 0x0000000082900000| Untracked 
|  12|0x0000000082a00000, 0x0000000082a00000, 0x0000000082b00000|  0%| F|  |TAMS 0x0000000082a00000, 0x0000000082a00000| Untracked 
|  13|0x0000000082b00000, 0x0000000082b00000, 0x0000000082c00000|  0%| F|  |TAMS 0x0000000082b00000, 0x0000000082b00000| Untracked 
|  14|0x0000000082c00000, 0x0000000082c00000, 0x0000000082d00000|  0%| F|  |TAMS 0x0000000082c00000, 0x0000000082c00000| Untracked 
|  15|0x0000000082d00000, 0x0000000082d00000, 0x0000000082e00000|  0%| F|  |TAMS 0x0000000082d00000, 0x0000000082d00000| Untracked 
|  16|0x0000000082e00000, 0x0000000082e00000, 0x0000000082f00000|  0%| F|  |TAMS 0x0000000082e00000, 0x0000000082e00000| Untracked 
|  17|0x0000000082f00000, 0x0000000082f00000, 0x0000000083000000|  0%| F|  |TAMS 0x0000000082f00000, 0x0000000082f00000| Untracked 
|  18|0x0000000083000000, 0x0000000083000000, 0x0000000083100000|  0%| F|  |TAMS 0x0000000083000000, 0x0000000083000000| Untracked 
|  19|0x0000000083100000, 0x0000000083100000, 0x0000000083200000|  0%| F|  |TAMS 0x0000000083100000, 0x0000000083100000| Untracked 
|  20|0x0000000083200000, 0x0000000083200000, 0x0000000083300000|  0%| F|  |TAMS 0x0000000083200000, 0x0000000083200000| Untracked 
|  21|0x0000000083300000, 0x0000000083300000, 0x0000000083400000|  0%| F|  |TAMS 0x0000000083300000, 0x0000000083300000| Untracked 
|  22|0x0000000083400000, 0x0000000083400000, 0x0000000083500000|  0%| F|  |TAMS 0x0000000083400000, 0x0000000083400000| Untracked 
|  23|0x0000000083500000, 0x0000000083500000, 0x0000000083600000|  0%| F|  |TAMS 0x0000000083500000, 0x0000000083500000| Untracked 
|  24|0x0000000083600000, 0x0000000083600000, 0x0000000083700000|  0%| F|  |TAMS 0x0000000083600000, 0x0000000083600000| Untracked 
|  25|0x0000000083700000, 0x0000000083700000, 0x0000000083800000|  0%| F|  |TAMS 0x0000000083700000, 0x0000000083700000| Untracked 
|  26|0x0000000083800000, 0x0000000083800000, 0x0000000083900000|  0%| F|  |TAMS 0x0000000083800000, 0x0000000083800000| Untracked 
|  27|0x0000000083900000, 0x0000000083900000, 0x0000000083a00000|  0%| F|  |TAMS 0x0000000083900000, 0x0000000083900000| Untracked 
|  28|0x0000000083a00000, 0x0000000083a00000, 0x0000000083b00000|  0%| F|  |TAMS 0x0000000083a00000, 0x0000000083a00000| Untracked 
|  29|0x0000000083b00000, 0x0000000083b00000, 0x0000000083c00000|  0%| F|  |TAMS 0x0000000083b00000, 0x0000000083b00000| Untracked 
|  30|0x0000000083c00000, 0x0000000083c00000, 0x0000000083d00000|  0%| F|  |TAMS 0x0000000083c00000, 0x0000000083c00000| Untracked 
|  31|0x0000000083d00000, 0x0000000083d00000, 0x0000000083e00000|  0%| F|  |TAMS 0x0000000083d00000, 0x0000000083d00000| Untracked 
|  32|0x0000000083e00000, 0x0000000083e00000, 0x0000000083f00000|  0%| F|  |TAMS 0x0000000083e00000, 0x0000000083e00000| Untracked 
|  33|0x0000000083f00000, 0x0000000083f00000, 0x0000000084000000|  0%| F|  |TAMS 0x0000000083f00000, 0x0000000083f00000| Untracked 
|  34|0x0000000084000000, 0x0000000084000000, 0x0000000084100000|  0%| F|  |TAMS 0x0000000084000000, 0x0000000084000000| Untracked 
|  35|0x0000000084100000, 0x0000000084200000, 0x0000000084200000|100%| O|  |TAMS 0x0000000084100000, 0x0000000084100000| Untracked 
|  36|0x0000000084200000, 0x0000000084300000, 0x0000000084300000|100%| O|  |TAMS 0x0000000084200000, 0x0000000084200000| Untracked 
|  37|0x0000000084300000, 0x0000000084358400, 0x0000000084400000| 34%| O|  |TAMS 0x0000000084300000, 0x0000000084300000| Untracked 
|  38|0x0000000084400000, 0x0000000084400000, 0x0000000084500000|  0%| F|  |TAMS 0x0000000084400000, 0x0000000084400000| Untracked 
|  39|0x0000000084500000, 0x0000000084500000, 0x0000000084600000|  0%| F|  |TAMS 0x0000000084500000, 0x0000000084500000| Untracked 
|  40|0x0000000084600000, 0x0000000084600000, 0x0000000084700000|  0%| F|  |TAMS 0x0000000084600000, 0x0000000084600000| Untracked 
|  41|0x0000000084700000, 0x0000000084700000, 0x0000000084800000|  0%| F|  |TAMS 0x0000000084700000, 0x0000000084700000| Untracked 
|  42|0x0000000084800000, 0x0000000084800000, 0x0000000084900000|  0%| F|  |TAMS 0x0000000084800000, 0x0000000084800000| Untracked 
|  43|0x0000000084900000, 0x0000000084900000, 0x0000000084a00000|  0%| F|  |TAMS 0x0000000084900000, 0x0000000084900000| Untracked 
|  44|0x0000000084a00000, 0x0000000084a00000, 0x0000000084b00000|  0%| F|  |TAMS 0x0000000084a00000, 0x0000000084a00000| Untracked 
|  45|0x0000000084b00000, 0x0000000084b00000, 0x0000000084c00000|  0%| F|  |TAMS 0x0000000084b00000, 0x0000000084b00000| Untracked 
|  46|0x0000000084c00000, 0x0000000084c00000, 0x0000000084d00000|  0%| F|  |TAMS 0x0000000084c00000, 0x0000000084c00000| Untracked 
|  47|0x0000000084d00000, 0x0000000084d00000, 0x0000000084e00000|  0%| F|  |TAMS 0x0000000084d00000, 0x0000000084d00000| Untracked 
|  48|0x0000000084e00000, 0x0000000084e00000, 0x0000000084f00000|  0%| F|  |TAMS 0x0000000084e00000, 0x0000000084e00000| Untracked 
|  49|0x0000000084f00000, 0x0000000084f00000, 0x0000000085000000|  0%| F|  |TAMS 0x0000000084f00000, 0x0000000084f00000| Untracked 
|  50|0x0000000085000000, 0x0000000085000000, 0x0000000085100000|  0%| F|  |TAMS 0x0000000085000000, 0x0000000085000000| Untracked 
|  51|0x0000000085100000, 0x0000000085100000, 0x0000000085200000|  0%| F|  |TAMS 0x0000000085100000, 0x0000000085100000| Untracked 
|  52|0x0000000085200000, 0x0000000085200000, 0x0000000085300000|  0%| F|  |TAMS 0x0000000085200000, 0x0000000085200000| Untracked 
|  53|0x0000000085300000, 0x0000000085300000, 0x0000000085400000|  0%| F|  |TAMS 0x0000000085300000, 0x0000000085300000| Untracked 
|  54|0x0000000085400000, 0x0000000085400000, 0x0000000085500000|  0%| F|  |TAMS 0x0000000085400000, 0x0000000085400000| Untracked 
|  55|0x0000000085500000, 0x0000000085500000, 0x0000000085600000|  0%| F|  |TAMS 0x0000000085500000, 0x0000000085500000| Untracked 
|  56|0x0000000085600000, 0x0000000085600000, 0x0000000085700000|  0%| F|  |TAMS 0x0000000085600000, 0x0000000085600000| Untracked 
|  57|0x0000000085700000, 0x0000000085700000, 0x0000000085800000|  0%| F|  |TAMS 0x0000000085700000, 0x0000000085700000| Untracked 
|  58|0x0000000085800000, 0x0000000085800000, 0x0000000085900000|  0%| F|  |TAMS 0x0000000085800000, 0x0000000085800000| Untracked 
|  59|0x0000000085900000, 0x0000000085a00000, 0x0000000085a00000|100%| S|CS|TAMS 0x0000000085900000, 0x0000000085900000| Complete 
|  60|0x0000000085a00000, 0x0000000085b00000, 0x0000000085b00000|100%| S|CS|TAMS 0x0000000085a00000, 0x0000000085a00000| Complete 
|  61|0x0000000085b00000, 0x0000000085c00000, 0x0000000085c00000|100%| S|CS|TAMS 0x0000000085b00000, 0x0000000085b00000| Complete 
|  62|0x0000000085c00000, 0x0000000085d00000, 0x0000000085d00000|100%| S|CS|TAMS 0x0000000085c00000, 0x0000000085c00000| Complete 
|  63|0x0000000085d00000, 0x0000000085e00000, 0x0000000085e00000|100%| S|CS|TAMS 0x0000000085d00000, 0x0000000085d00000| Complete 
|  64|0x0000000085e00000, 0x0000000085e00000, 0x0000000085f00000|  0%| F|  |TAMS 0x0000000085e00000, 0x0000000085e00000| Untracked 
|  65|0x0000000085f00000, 0x0000000085f00000, 0x0000000086000000|  0%| F|  |TAMS 0x0000000085f00000, 0x0000000085f00000| Untracked 
|  66|0x0000000086000000, 0x0000000086000000, 0x0000000086100000|  0%| F|  |TAMS 0x0000000086000000, 0x0000000086000000| Untracked 
|  67|0x0000000086100000, 0x0000000086100000, 0x0000000086200000|  0%| F|  |TAMS 0x0000000086100000, 0x0000000086100000| Untracked 
|  68|0x0000000086200000, 0x0000000086200000, 0x0000000086300000|  0%| F|  |TAMS 0x0000000086200000, 0x0000000086200000| Untracked 
|  69|0x0000000086300000, 0x0000000086300000, 0x0000000086400000|  0%| F|  |TAMS 0x0000000086300000, 0x0000000086300000| Untracked 
|  70|0x0000000086400000, 0x0000000086400000, 0x0000000086500000|  0%| F|  |TAMS 0x0000000086400000, 0x0000000086400000| Untracked 
|  71|0x0000000086500000, 0x0000000086500000, 0x0000000086600000|  0%| F|  |TAMS 0x0000000086500000, 0x0000000086500000| Untracked 
|  72|0x0000000086600000, 0x0000000086600000, 0x0000000086700000|  0%| F|  |TAMS 0x0000000086600000, 0x0000000086600000| Untracked 
|  73|0x0000000086700000, 0x0000000086700000, 0x0000000086800000|  0%| F|  |TAMS 0x0000000086700000, 0x0000000086700000| Untracked 
|  74|0x0000000086800000, 0x0000000086800000, 0x0000000086900000|  0%| F|  |TAMS 0x0000000086800000, 0x0000000086800000| Untracked 
|  75|0x0000000086900000, 0x0000000086900000, 0x0000000086a00000|  0%| F|  |TAMS 0x0000000086900000, 0x0000000086900000| Untracked 
|  76|0x0000000086a00000, 0x0000000086a00000, 0x0000000086b00000|  0%| F|  |TAMS 0x0000000086a00000, 0x0000000086a00000| Untracked 
|  77|0x0000000086b00000, 0x0000000086b00000, 0x0000000086c00000|  0%| F|  |TAMS 0x0000000086b00000, 0x0000000086b00000| Untracked 
|  78|0x0000000086c00000, 0x0000000086c00000, 0x0000000086d00000|  0%| F|  |TAMS 0x0000000086c00000, 0x0000000086c00000| Untracked 
|  79|0x0000000086d00000, 0x0000000086d00000, 0x0000000086e00000|  0%| F|  |TAMS 0x0000000086d00000, 0x0000000086d00000| Untracked 
|  80|0x0000000086e00000, 0x0000000086e00000, 0x0000000086f00000|  0%| F|  |TAMS 0x0000000086e00000, 0x0000000086e00000| Untracked 
|  81|0x0000000086f00000, 0x0000000086f00000, 0x0000000087000000|  0%| F|  |TAMS 0x0000000086f00000, 0x0000000086f00000| Untracked 
|  82|0x0000000087000000, 0x0000000087000000, 0x0000000087100000|  0%| F|  |TAMS 0x0000000087000000, 0x0000000087000000| Untracked 
|  83|0x0000000087100000, 0x0000000087100000, 0x0000000087200000|  0%| F|  |TAMS 0x0000000087100000, 0x0000000087100000| Untracked 
|  84|0x0000000087200000, 0x0000000087200000, 0x0000000087300000|  0%| F|  |TAMS 0x0000000087200000, 0x0000000087200000| Untracked 
|  85|0x0000000087300000, 0x0000000087300000, 0x0000000087400000|  0%| F|  |TAMS 0x0000000087300000, 0x0000000087300000| Untracked 
|  86|0x0000000087400000, 0x0000000087400000, 0x0000000087500000|  0%| F|  |TAMS 0x0000000087400000, 0x0000000087400000| Untracked 
|  87|0x0000000087500000, 0x0000000087500000, 0x0000000087600000|  0%| F|  |TAMS 0x0000000087500000, 0x0000000087500000| Untracked 
|  88|0x0000000087600000, 0x0000000087600000, 0x0000000087700000|  0%| F|  |TAMS 0x0000000087600000, 0x0000000087600000| Untracked 
|  89|0x0000000087700000, 0x0000000087700000, 0x0000000087800000|  0%| F|  |TAMS 0x0000000087700000, 0x0000000087700000| Untracked 
|  90|0x0000000087800000, 0x0000000087800000, 0x0000000087900000|  0%| F|  |TAMS 0x0000000087800000, 0x0000000087800000| Untracked 
|  91|0x0000000087900000, 0x0000000087900000, 0x0000000087a00000|  0%| F|  |TAMS 0x0000000087900000, 0x0000000087900000| Untracked 
|  92|0x0000000087a00000, 0x0000000087a00000, 0x0000000087b00000|  0%| F|  |TAMS 0x0000000087a00000, 0x0000000087a00000| Untracked 
|  93|0x0000000087b00000, 0x0000000087b00000, 0x0000000087c00000|  0%| F|  |TAMS 0x0000000087b00000, 0x0000000087b00000| Untracked 
|  94|0x0000000087c00000, 0x0000000087c00000, 0x0000000087d00000|  0%| F|  |TAMS 0x0000000087c00000, 0x0000000087c00000| Untracked 
|  95|0x0000000087d00000, 0x0000000087d00000, 0x0000000087e00000|  0%| F|  |TAMS 0x0000000087d00000, 0x0000000087d00000| Untracked 
|  96|0x0000000087e00000, 0x0000000087e00000, 0x0000000087f00000|  0%| F|  |TAMS 0x0000000087e00000, 0x0000000087e00000| Untracked 
|  97|0x0000000087f00000, 0x0000000087f00000, 0x0000000088000000|  0%| F|  |TAMS 0x0000000087f00000, 0x0000000087f00000| Untracked 
|  98|0x0000000088000000, 0x0000000088000000, 0x0000000088100000|  0%| F|  |TAMS 0x0000000088000000, 0x0000000088000000| Untracked 
|  99|0x0000000088100000, 0x0000000088200000, 0x0000000088200000|100%| E|  |TAMS 0x0000000088100000, 0x0000000088100000| Complete 
| 100|0x0000000088200000, 0x0000000088300000, 0x0000000088300000|100%| E|CS|TAMS 0x0000000088200000, 0x0000000088200000| Complete 
| 101|0x0000000088300000, 0x0000000088400000, 0x0000000088400000|100%| E|CS|TAMS 0x0000000088300000, 0x0000000088300000| Complete 
| 102|0x0000000088400000, 0x0000000088500000, 0x0000000088500000|100%| E|CS|TAMS 0x0000000088400000, 0x0000000088400000| Complete 
| 103|0x0000000088500000, 0x0000000088600000, 0x0000000088600000|100%| E|CS|TAMS 0x0000000088500000, 0x0000000088500000| Complete 
| 104|0x0000000088600000, 0x0000000088700000, 0x0000000088700000|100%| E|CS|TAMS 0x0000000088600000, 0x0000000088600000| Complete 
| 105|0x0000000088700000, 0x0000000088800000, 0x0000000088800000|100%| E|CS|TAMS 0x0000000088700000, 0x0000000088700000| Complete 
| 106|0x0000000088800000, 0x0000000088900000, 0x0000000088900000|100%| E|CS|TAMS 0x0000000088800000, 0x0000000088800000| Complete 
| 107|0x0000000088900000, 0x0000000088a00000, 0x0000000088a00000|100%| E|CS|TAMS 0x0000000088900000, 0x0000000088900000| Complete 
| 108|0x0000000088a00000, 0x0000000088b00000, 0x0000000088b00000|100%| E|CS|TAMS 0x0000000088a00000, 0x0000000088a00000| Complete 
| 109|0x0000000088b00000, 0x0000000088c00000, 0x0000000088c00000|100%| E|CS|TAMS 0x0000000088b00000, 0x0000000088b00000| Complete 
| 110|0x0000000088c00000, 0x0000000088d00000, 0x0000000088d00000|100%| E|CS|TAMS 0x0000000088c00000, 0x0000000088c00000| Complete 
| 111|0x0000000088d00000, 0x0000000088e00000, 0x0000000088e00000|100%| E|CS|TAMS 0x0000000088d00000, 0x0000000088d00000| Complete 
| 112|0x0000000088e00000, 0x0000000088f00000, 0x0000000088f00000|100%| E|CS|TAMS 0x0000000088e00000, 0x0000000088e00000| Complete 
| 113|0x0000000088f00000, 0x0000000088fffb28, 0x0000000089000000| 99%| E|  |TAMS 0x0000000088f00000, 0x0000000088f00000| Complete 
| 114|0x0000000089000000, 0x0000000089100000, 0x0000000089100000|100%| E|CS|TAMS 0x0000000089000000, 0x0000000089000000| Complete 
| 115|0x0000000089100000, 0x0000000089200000, 0x0000000089200000|100%| E|CS|TAMS 0x0000000089100000, 0x0000000089100000| Complete 
| 116|0x0000000089200000, 0x0000000089300000, 0x0000000089300000|100%| E|CS|TAMS 0x0000000089200000, 0x0000000089200000| Complete 
| 117|0x0000000089300000, 0x0000000089400000, 0x0000000089400000|100%| E|CS|TAMS 0x0000000089300000, 0x0000000089300000| Complete 
| 118|0x0000000089400000, 0x0000000089500000, 0x0000000089500000|100%| E|CS|TAMS 0x0000000089400000, 0x0000000089400000| Complete 
| 119|0x0000000089500000, 0x0000000089600000, 0x0000000089600000|100%| E|CS|TAMS 0x0000000089500000, 0x0000000089500000| Complete 
| 120|0x0000000089600000, 0x0000000089700000, 0x0000000089700000|100%| E|CS|TAMS 0x0000000089600000, 0x0000000089600000| Complete 
| 121|0x0000000089700000, 0x0000000089800000, 0x0000000089800000|100%| E|CS|TAMS 0x0000000089700000, 0x0000000089700000| Complete 
| 122|0x0000000089800000, 0x0000000089900000, 0x0000000089900000|100%| E|CS|TAMS 0x0000000089800000, 0x0000000089800000| Complete 
| 123|0x0000000089900000, 0x0000000089a00000, 0x0000000089a00000|100%| E|CS|TAMS 0x0000000089900000, 0x0000000089900000| Complete 
| 124|0x0000000089a00000, 0x0000000089b00000, 0x0000000089b00000|100%| E|CS|TAMS 0x0000000089a00000, 0x0000000089a00000| Complete 
| 125|0x0000000089b00000, 0x0000000089c00000, 0x0000000089c00000|100%| E|CS|TAMS 0x0000000089b00000, 0x0000000089b00000| Complete 
| 126|0x0000000089c00000, 0x0000000089d00000, 0x0000000089d00000|100%| E|CS|TAMS 0x0000000089c00000, 0x0000000089c00000| Complete 
| 127|0x0000000089d00000, 0x0000000089e00000, 0x0000000089e00000|100%| E|CS|TAMS 0x0000000089d00000, 0x0000000089d00000| Complete 

Card table byte_map: [0x000001b4a6680000,0x000001b4a6a80000] _byte_map_base: 0x000001b4a6271000

Marking Bits (Prev, Next): (CMBitMap*) 0x000001b48eb21a98, (CMBitMap*) 0x000001b48eb21a58
 Prev Bits: [0x000001b4a8e10000, 0x000001b4aad98000)
 Next Bits: [0x000001b4a6e80000, 0x000001b4a8e08000)

Polling page: 0x000001b48c8d0000

Metaspace:

Usage:
  Non-class:     19.77 MB capacity,    19.28 MB ( 97%) used,   472.77 KB (  2%) free+waste,    33.56 KB ( <1%) overhead. 
      Class:      2.59 MB capacity,     2.34 MB ( 91%) used,   233.68 KB (  9%) free+waste,    15.06 KB ( <1%) overhead. 
       Both:     22.36 MB capacity,    21.62 MB ( 97%) used,   706.45 KB (  3%) free+waste,    48.63 KB ( <1%) overhead. 

Virtual space:
  Non-class space:       20.00 MB reserved,      20.00 MB (100%) committed 
      Class space:        1.00 GB reserved,       2.63 MB ( <1%) committed 
             Both:        1.02 GB reserved,      22.63 MB (  2%) committed 

Chunk freelists:
   Non-Class:  41.00 KB
       Class:  7.00 KB
        Both:  48.00 KB

MaxMetaspaceSize: 17179869184.00 GB
CompressedClassSpaceSize: 1.00 GB

CodeHeap 'non-profiled nmethods': size=120000Kb used=3053Kb max_used=3053Kb free=116947Kb
 bounds [0x000001b49ed50000, 0x000001b49f050000, 0x000001b4a6280000]
CodeHeap 'profiled nmethods': size=120000Kb used=10435Kb max_used=10640Kb free=109564Kb
 bounds [0x000001b497820000, 0x000001b498290000, 0x000001b49ed50000]
CodeHeap 'non-nmethods': size=5760Kb used=1243Kb max_used=1298Kb free=4516Kb
 bounds [0x000001b497280000, 0x000001b4974f0000, 0x000001b497820000]
 total_blobs=7657 nmethods=4661 adapters=429
 compilation: enabled
              stopped_count=0, restarted_count=0
 full_count=0

Compilation events (20 events):
Event: 187.253 Thread 0x000001b4ad28f000 5342       3       org.apache.commons.compress.archivers.zip.ZipArchiveEntry::getAllExtraFieldsNoCopy (31 bytes)
Event: 187.253 Thread 0x000001b4ad281000 nmethod 5341 0x000001b49f04a290 code [0x000001b49f04a420, 0x000001b49f04a598]
Event: 187.254 Thread 0x000001b4ad28f000 nmethod 5342 0x000001b497a2ca10 code [0x000001b497a2cc00, 0x000001b497a2d468]
Event: 187.254 Thread 0x000001b4ad28f000 5343       3       java.io.OutputStream::write (9 bytes)
Event: 187.254 Thread 0x000001b4ad28f000 nmethod 5343 0x000001b497a2c310 code [0x000001b497a2c4c0, 0x000001b497a2c6a8]
Event: 187.254 Thread 0x000001b4ad28f000 5344       3       sun.util.calendar.ZoneInfo::getTransitionIndex (156 bytes)
Event: 187.255 Thread 0x000001b4ad281000 5345       4       java.time.LocalDate::compareTo0 (40 bytes)
Event: 187.255 Thread 0x000001b4ad28f000 nmethod 5344 0x000001b497ce7990 code [0x000001b497ce7b60, 0x000001b497ce7ff8]
Event: 187.256 Thread 0x000001b4ad281000 nmethod 5345 0x000001b49f04a690 code [0x000001b49f04a820, 0x000001b49f04a8f8]
Event: 187.330 Thread 0x000001b4ad281000 5346       4       java.util.concurrent.ConcurrentHashMap$Traverser::<init> (36 bytes)
Event: 187.333 Thread 0x000001b4ad281000 nmethod 5346 0x000001b49f04a990 code [0x000001b49f04ab00, 0x000001b49f04acb8]
Event: 187.396 Thread 0x000001b4ad28f000 5347       3       java.util.regex.Pattern$BmpCharPropertyGreedy::match (89 bytes)
Event: 187.397 Thread 0x000001b4ad28f000 nmethod 5347 0x000001b497ce6f10 code [0x000001b497ce7100, 0x000001b497ce7788]
Event: 187.433 Thread 0x000001b4ad281000 5348       4       java.util.HashMap::entrySet (27 bytes)
Event: 187.433 Thread 0x000001b4ad28f000 5349       3       org.apache.maven.plugin.internal.WagonExcluder::hashCode (28 bytes)
Event: 187.434 Thread 0x000001b4ad28f000 nmethod 5349 0x000001b497ce6a10 code [0x000001b497ce6bc0, 0x000001b497ce6e48]
Event: 187.436 Thread 0x000001b4ad281000 nmethod 5348 0x000001b49f04ad10 code [0x000001b49f04aea0, 0x000001b49f04b078]
Event: 187.804 Thread 0x000001b4ad281000 5350       4       org.codehaus.plexus.util.xml.Xpp3DomBuilder::build (413 bytes)
Event: 187.859 Thread 0x000001b4ad28f000 5353       3       org.eclipse.aether.util.graph.transformer.ConflictResolver$ConflictItem::getDependency (10 bytes)
Event: 187.859 Thread 0x000001b4ad28f000 nmethod 5353 0x000001b497ce6610 code [0x000001b497ce67a0, 0x000001b497ce6938]

GC Heap History (16 events):
Event: 32.030 GC heap before
{Heap before GC invocations=0 (full 0):
 garbage-first heap   total 131072K, used 13312K [0x0000000081e00000, 0x0000000100000000)
  region size 1024K, 13 young (13312K), 0 survivors (0K)
 Metaspace       used 3970K, capacity 6279K, committed 6400K, reserved 1056768K
  class space    used 411K, capacity 651K, committed 768K, reserved 1048576K
}
Event: 32.043 GC heap after
{Heap after GC invocations=1 (full 0):
 garbage-first heap   total 131072K, used 3527K [0x0000000081e00000, 0x0000000100000000)
  region size 1024K, 2 young (2048K), 2 survivors (2048K)
 Metaspace       used 3970K, capacity 6279K, committed 6400K, reserved 1056768K
  class space    used 411K, capacity 651K, committed 768K, reserved 1048576K
}
Event: 33.801 GC heap before
{Heap before GC invocations=1 (full 0):
 garbage-first heap   total 131072K, used 16839K [0x0000000081e00000, 0x0000000100000000)
  region size 1024K, 15 young (15360K), 2 survivors (2048K)
 Metaspace       used 6165K, capacity 7961K, committed 8192K, reserved 1056768K
  class space    used 722K, capacity 913K, committed 1024K, reserved 1048576K
}
Event: 33.806 GC heap after
{Heap after GC invocations=2 (full 0):
 garbage-first heap   total 131072K, used 4176K [0x0000000081e00000, 0x0000000100000000)
  region size 1024K, 1 young (1024K), 1 survivors (1024K)
 Metaspace       used 6165K, capacity 7961K, committed 8192K, reserved 1056768K
  class space    used 722K, capacity 913K, committed 1024K, reserved 1048576K
}
Event: 35.769 GC heap before
{Heap before GC invocations=2 (full 0):
 garbage-first heap   total 131072K, used 31824K [0x0000000081e00000, 0x0000000100000000)
  region size 1024K, 28 young (28672K), 1 survivors (1024K)
 Metaspace       used 9896K, capacity 11322K, committed 11520K, reserved 1058816K
  class space    used 1196K, capacity 1409K, committed 1536K, reserved 1048576K
}
Event: 35.773 GC heap after
{Heap after GC invocations=3 (full 0):
 garbage-first heap   total 131072K, used 5300K [0x0000000081e00000, 0x0000000100000000)
  region size 1024K, 2 young (2048K), 2 survivors (2048K)
 Metaspace       used 9896K, capacity 11322K, committed 11520K, reserved 1058816K
  class space    used 1196K, capacity 1409K, committed 1536K, reserved 1048576K
}
Event: 52.850 GC heap before
{Heap before GC invocations=3 (full 0):
 garbage-first heap   total 131072K, used 81076K [0x0000000081e00000, 0x0000000100000000)
  region size 1024K, 76 young (77824K), 2 survivors (2048K)
 Metaspace       used 14328K, capacity 15186K, committed 15360K, reserved 1062912K
  class space    used 1615K, capacity 1786K, committed 1792K, reserved 1048576K
}
Event: 52.871 GC heap after
{Heap after GC invocations=4 (full 0):
 garbage-first heap   total 131072K, used 11261K [0x0000000081e00000, 0x0000000100000000)
  region size 1024K, 8 young (8192K), 8 survivors (8192K)
 Metaspace       used 14328K, capacity 15186K, committed 15360K, reserved 1062912K
  class space    used 1615K, capacity 1786K, committed 1792K, reserved 1048576K
}
Event: 84.494 GC heap before
{Heap before GC invocations=4 (full 0):
 garbage-first heap   total 131072K, used 80893K [0x0000000081e00000, 0x0000000100000000)
  region size 1024K, 76 young (77824K), 8 survivors (8192K)
 Metaspace       used 16049K, capacity 16795K, committed 16896K, reserved 1064960K
  class space    used 1752K, capacity 1963K, committed 2048K, reserved 1048576K
}
Event: 84.510 GC heap after
{Heap after GC invocations=5 (full 0):
 garbage-first heap   total 131072K, used 14206K [0x0000000081e00000, 0x0000000100000000)
  region size 1024K, 4 young (4096K), 4 survivors (4096K)
 Metaspace       used 16049K, capacity 16795K, committed 16896K, reserved 1064960K
  class space    used 1752K, capacity 1963K, committed 2048K, reserved 1048576K
}
Event: 160.544 GC heap before
{Heap before GC invocations=5 (full 0):
 garbage-first heap   total 131072K, used 87934K [0x0000000081e00000, 0x0000000100000000)
  region size 1024K, 76 young (77824K), 4 survivors (4096K)
 Metaspace       used 18868K, capacity 19487K, committed 19712K, reserved 1067008K
  class space    used 2003K, capacity 2218K, committed 2304K, reserved 1048576K
}
Event: 160.556 GC heap after
{Heap after GC invocations=6 (full 0):
 garbage-first heap   total 131072K, used 16333K [0x0000000081e00000, 0x0000000100000000)
  region size 1024K, 6 young (6144K), 6 survivors (6144K)
 Metaspace       used 18868K, capacity 19487K, committed 19712K, reserved 1067008K
  class space    used 2003K, capacity 2218K, committed 2304K, reserved 1048576K
}
Event: 163.711 GC heap before
{Heap before GC invocations=6 (full 0):
 garbage-first heap   total 131072K, used 54221K [0x0000000081e00000, 0x0000000100000000)
  region size 1024K, 20 young (20480K), 6 survivors (6144K)
 Metaspace       used 20519K, capacity 21089K, committed 21248K, reserved 1069056K
  class space    used 2234K, capacity 2452K, committed 2560K, reserved 1048576K
}
Event: 163.723 GC heap after
{Heap after GC invocations=7 (full 0):
 garbage-first heap   total 131072K, used 42270K [0x0000000081e00000, 0x0000000100000000)
  region size 1024K, 4 young (4096K), 4 survivors (4096K)
 Metaspace       used 20519K, capacity 21089K, committed 21248K, reserved 1069056K
  class space    used 2234K, capacity 2452K, committed 2560K, reserved 1048576K
}
Event: 176.924 GC heap before
{Heap before GC invocations=8 (full 0):
 garbage-first heap   total 131072K, used 102686K [0x0000000081e00000, 0x0000000100000000)
  region size 1024K, 64 young (65536K), 4 survivors (4096K)
 Metaspace       used 22009K, capacity 22731K, committed 22912K, reserved 1069056K
  class space    used 2393K, capacity 2639K, committed 2688K, reserved 1048576K
}
Event: 176.932 GC heap after
{Heap after GC invocations=9 (full 0):
 garbage-first heap   total 131072K, used 18785K [0x0000000081e00000, 0x0000000100000000)
  region size 1024K, 5 young (5120K), 5 survivors (5120K)
 Metaspace       used 22009K, capacity 22731K, committed 22912K, reserved 1069056K
  class space    used 2393K, capacity 2639K, committed 2688K, reserved 1048576K
}

Deoptimization events (20 events):
Event: 186.418 Thread 0x000001b48eadc000 DEOPT PACKING pc=0x000001b49f03ede0 sp=0x000000ab015fd5a0
Event: 186.418 Thread 0x000001b48eadc000 DEOPT UNPACKING pc=0x000001b4972c912f sp=0x000000ab015fd3d8 mode 2
Event: 187.804 Thread 0x000001b48eadc000 Uncommon trap: trap_request=0xffffffbe fr.pc=0x000001b49eef66e0 relative=0x0000000000000460
Event: 187.804 Thread 0x000001b48eadc000 Uncommon trap: reason=profile_predicate action=maybe_recompile pc=0x000001b49eef66e0 method=sun.nio.cs.ISO_8859_1$Decoder.decodeArrayLoop(Ljava/nio/ByteBuffer;Ljava/nio/CharBuffer;)Ljava/nio/charset/CoderResult; @ 133 c2
Event: 187.804 Thread 0x000001b48eadc000 DEOPT PACKING pc=0x000001b49eef66e0 sp=0x000000ab015fc200
Event: 187.804 Thread 0x000001b48eadc000 DEOPT UNPACKING pc=0x000001b4972c912f sp=0x000000ab015fc170 mode 2
Event: 187.804 Thread 0x000001b48eadc000 Uncommon trap: trap_request=0xffffffbe fr.pc=0x000001b49eef66e0 relative=0x0000000000000460
Event: 187.804 Thread 0x000001b48eadc000 Uncommon trap: reason=profile_predicate action=maybe_recompile pc=0x000001b49eef66e0 method=sun.nio.cs.ISO_8859_1$Decoder.decodeArrayLoop(Ljava/nio/ByteBuffer;Ljava/nio/CharBuffer;)Ljava/nio/charset/CoderResult; @ 133 c2
Event: 187.804 Thread 0x000001b48eadc000 DEOPT PACKING pc=0x000001b49eef66e0 sp=0x000000ab015fc1c0
Event: 187.804 Thread 0x000001b48eadc000 DEOPT UNPACKING pc=0x000001b4972c912f sp=0x000000ab015fc130 mode 2
Event: 187.805 Thread 0x000001b48eadc000 Uncommon trap: trap_request=0xffffffbe fr.pc=0x000001b49eef66e0 relative=0x0000000000000460
Event: 187.805 Thread 0x000001b48eadc000 Uncommon trap: reason=profile_predicate action=maybe_recompile pc=0x000001b49eef66e0 method=sun.nio.cs.ISO_8859_1$Decoder.decodeArrayLoop(Ljava/nio/ByteBuffer;Ljava/nio/CharBuffer;)Ljava/nio/charset/CoderResult; @ 133 c2
Event: 187.805 Thread 0x000001b48eadc000 DEOPT PACKING pc=0x000001b49eef66e0 sp=0x000000ab015fc0a0
Event: 187.805 Thread 0x000001b48eadc000 DEOPT UNPACKING pc=0x000001b4972c912f sp=0x000000ab015fc010 mode 2
Event: 187.805 Thread 0x000001b48eadc000 Uncommon trap: trap_request=0xffffffbe fr.pc=0x000001b49eef66e0 relative=0x0000000000000460
Event: 187.805 Thread 0x000001b48eadc000 Uncommon trap: reason=profile_predicate action=maybe_recompile pc=0x000001b49eef66e0 method=sun.nio.cs.ISO_8859_1$Decoder.decodeArrayLoop(Ljava/nio/ByteBuffer;Ljava/nio/CharBuffer;)Ljava/nio/charset/CoderResult; @ 133 c2
Event: 187.805 Thread 0x000001b48eadc000 DEOPT PACKING pc=0x000001b49eef66e0 sp=0x000000ab015fc300
Event: 187.805 Thread 0x000001b48eadc000 DEOPT UNPACKING pc=0x000001b4972c912f sp=0x000000ab015fc270 mode 2
Event: 187.859 Thread 0x000001b48eadc000 DEOPT PACKING pc=0x000001b497fbd64f sp=0x000000ab015fd6b0
Event: 187.859 Thread 0x000001b48eadc000 DEOPT UNPACKING pc=0x000001b4972c964e sp=0x000000ab015fcb40 mode 0

Classes unloaded (0 events):
No events

Classes redefined (0 events):
No events

Internal exceptions (19 events):
Event: 15.638 Thread 0x000001b48eadc000 Exception <a 'java/lang/NoSuchMethodError'{0x00000000899a6288}: 'int java.lang.invoke.DirectMethodHandle$Holder.invokeSpecialIFC(java.lang.Object, java.lang.Object, int)'> (0x00000000899a6288) 
thrown [./open/src/hotspot/share/interpreter/linkResolver.cpp, line 766]
Event: 16.231 Thread 0x000001b48eadc000 Exception <a 'java/lang/NoSuchMethodError'{0x00000000898bba10}: 'java.lang.Object java.lang.invoke.DirectMethodHandle$Holder.invokeStaticInit(java.lang.Object, int, int, int, int)'> (0x00000000898bba10) 
thrown [./open/src/hotspot/share/interpreter/linkResolver.cpp, line 766]
Event: 16.293 Thread 0x000001b48eadc000 Exception <a 'java/lang/NoSuchMethodError'{0x0000000089746960}: 'java.lang.Object java.lang.invoke.DirectMethodHandle$Holder.invokeStaticInit(java.lang.Object, java.lang.Object, int, int, int, int)'> (0x0000000089746960) 
thrown [./open/src/hotspot/share/interpreter/linkResolver.cpp, line 766]
Event: 36.383 Thread 0x000001b48eadc000 Exception <a 'java/lang/NoClassDefFoundError'{0x00000000896e4970}: com/google/inject/servlet/ServletModuleTargetVisitor> (0x00000000896e4970) 
thrown [./open/src/hotspot/share/classfile/systemDictionary.cpp, line 215]
Event: 36.384 Thread 0x000001b48eadc000 Exception <a 'java/lang/NoClassDefFoundError'{0x00000000896e77d8}: javax/annotation/Priority> (0x00000000896e77d8) 
thrown [./open/src/hotspot/share/classfile/systemDictionary.cpp, line 215]
Event: 37.239 Thread 0x000001b48eadc000 Implicit null exception at 0x000001b49ed7bf64 to 0x000001b49ed7c530
Event: 37.239 Thread 0x000001b48eadc000 Implicit null exception at 0x000001b49ed8fa64 to 0x000001b49ed90004
Event: 55.866 Thread 0x000001b48eadc000 Implicit null exception at 0x000001b49edf7aa5 to 0x000001b49edf7e64
Event: 55.868 Thread 0x000001b48eadc000 Implicit null exception at 0x000001b49ede16af to 0x000001b49ede172d
Event: 55.868 Thread 0x000001b48eadc000 Implicit null exception at 0x000001b49edf169e to 0x000001b49edf19c6
Event: 72.850 Thread 0x000001b48eadc000 Implicit null exception at 0x000001b49ef16ad1 to 0x000001b49ef176a0
Event: 90.164 Thread 0x000001b4ae43e000 Exception <a 'java/lang/NoSuchMethodError'{0x0000000088847510}: 'java.lang.Object java.lang.invoke.DirectMethodHandle$Holder.invokeStaticInit(java.lang.Object, java.lang.Object, long, java.lang.Object)'> (0x0000000088847510) 
thrown [./open/src/hotspot/share/interpreter/linkResolver.cpp, line 766]
Event: 90.166 Thread 0x000001b4ae43e000 Exception <a 'java/lang/NoSuchMethodError'{0x000000008884d6a8}: 'java.lang.Object java.lang.invoke.Invokers$Holder.linkToTargetMethod(java.lang.Object, long, java.lang.Object)'> (0x000000008884d6a8) 
thrown [./open/src/hotspot/share/interpreter/linkResolver.cpp, line 766]
Event: 90.234 Thread 0x000001b48eadc000 Exception <a 'java/lang/NoSuchMethodError'{0x00000000887f7938}: 'java.lang.String org.apache.maven.execution.MavenExecutionRequest.getFailureBehavior()'> (0x00000000887f7938) 
thrown [./open/src/hotspot/share/interpreter/linkResolver.cpp, line 861]
Event: 92.366 Thread 0x000001b48eadc000 Exception <a 'java/lang/NoSuchMethodError'{0x0000000086f87d28}: 'java.lang.Object java.lang.invoke.DirectMethodHandle$Holder.invokeStatic(java.lang.Object, int, java.lang.Object)'> (0x0000000086f87d28) 
thrown [./open/src/hotspot/share/interpreter/linkResolver.cpp, line 766]
Event: 92.529 Thread 0x000001b48eadc000 Exception <a 'java/lang/NoSuchMethodError'{0x0000000086e3d868}: 'void java.lang.invoke.DirectMethodHandle$Holder.invokeStatic(java.lang.Object, long)'> (0x0000000086e3d868) 
thrown [./open/src/hotspot/share/interpreter/linkResolver.cpp, line 766]
Event: 152.796 Thread 0x000001b48eadc000 Exception <a 'sun/nio/fs/WindowsException'{0x0000000086627ca0}> (0x0000000086627ca0) 
thrown [./open/src/hotspot/share/prims/jni.cpp, line 599]
Event: 152.797 Thread 0x000001b48eadc000 Exception <a 'java/lang/reflect/InvocationTargetException'{0x0000000086628378}> (0x0000000086628378) 
thrown [./open/src/hotspot/share/runtime/reflection.cpp, line 1188]
Event: 176.015 Thread 0x000001b48eadc000 Exception <a 'java/lang/NoSuchMethodError'{0x0000000087da7fd8}: 'int java.lang.invoke.DirectMethodHandle$Holder.invokeStaticInit(java.lang.Object, java.lang.Object)'> (0x0000000087da7fd8) 
thrown [./open/src/hotspot/share/interpreter/linkResolver.cpp, line 766]

Events (20 events):
Event: 176.933 Executing VM operation: HandshakeOneThread
Event: 176.933 Executing VM operation: HandshakeOneThread done
Event: 176.933 Executing VM operation: HandshakeOneThread
Event: 176.933 Executing VM operation: HandshakeOneThread done
Event: 176.933 Executing VM operation: HandshakeOneThread
Event: 176.933 Executing VM operation: HandshakeOneThread done
Event: 176.933 Executing VM operation: HandshakeOneThread
Event: 176.933 Executing VM operation: HandshakeOneThread done
Event: 176.933 Executing VM operation: HandshakeOneThread
Event: 176.933 Executing VM operation: HandshakeOneThread done
Event: 176.933 Executing VM operation: HandshakeOneThread
Event: 176.933 Executing VM operation: HandshakeOneThread done
Event: 176.933 Executing VM operation: BulkRevokeBias
Event: 176.933 Executing VM operation: BulkRevokeBias done
Event: 176.933 Executing VM operation: HandshakeOneThread
Event: 176.933 Executing VM operation: HandshakeOneThread done
Event: 176.933 Executing VM operation: BulkRevokeBias
Event: 176.934 Executing VM operation: BulkRevokeBias done
Event: 185.230 Loaded shared library C:\Users\Freeware Sys\.jdks\openjdk-14.0.1\bin\zip.dll
Event: 186.344 Loaded shared library C:\Users\Freeware Sys\.jdks\openjdk-14.0.1\bin\zip.dll


Dynamic libraries:
0x00007ff620140000 - 0x00007ff62014d000 	C:\Users\Freeware Sys\.jdks\openjdk-14.0.1\bin\java.exe
0x00007ffa5bff0000 - 0x00007ffa5c1e5000 	C:\WINDOWS\SYSTEM32\ntdll.dll
0x00007ffa5a830000 - 0x00007ffa5a8ed000 	C:\WINDOWS\System32\KERNEL32.DLL
0x00007ffa597b0000 - 0x00007ffa59a79000 	C:\WINDOWS\System32\KERNELBASE.dll
0x00007ffa59e70000 - 0x00007ffa59f70000 	C:\WINDOWS\System32\ucrtbase.dll
0x00007ffa4e560000 - 0x00007ffa4e575000 	C:\Users\Freeware Sys\.jdks\openjdk-14.0.1\bin\VCRUNTIME140.dll
0x00007ffa4ef60000 - 0x00007ffa4ef78000 	C:\Users\Freeware Sys\.jdks\openjdk-14.0.1\bin\jli.dll
0x00007ffa5bcf0000 - 0x00007ffa5be90000 	C:\WINDOWS\System32\USER32.dll
0x00007ffa59fc0000 - 0x00007ffa59fe2000 	C:\WINDOWS\System32\win32u.dll
0x00007ffa2e000000 - 0x00007ffa2e29a000 	C:\WINDOWS\WinSxS\amd64_microsoft.windows.common-controls_6595b64144ccf1df_6.0.19041.844_none_ca00b6081b84eb1d\COMCTL32.dll
0x00007ffa5a490000 - 0x00007ffa5a4ba000 	C:\WINDOWS\System32\GDI32.dll
0x00007ffa5bf10000 - 0x00007ffa5bfae000 	C:\WINDOWS\System32\msvcrt.dll
0x00007ffa59d60000 - 0x00007ffa59e6b000 	C:\WINDOWS\System32\gdi32full.dll
0x00007ffa59cc0000 - 0x00007ffa59d5d000 	C:\WINDOWS\System32\msvcp_win.dll
0x00007ffa5a1e0000 - 0x00007ffa5a210000 	C:\WINDOWS\System32\IMM32.DLL
0x00007ffa22b60000 - 0x00007ffa22bfb000 	C:\Users\Freeware Sys\.jdks\openjdk-14.0.1\bin\msvcp140.dll
0x00007ffa147b0000 - 0x00007ffa152ce000 	C:\Users\Freeware Sys\.jdks\openjdk-14.0.1\bin\server\jvm.dll
0x00007ffa5b660000 - 0x00007ffa5b70c000 	C:\WINDOWS\System32\ADVAPI32.dll
0x00007ffa5ac50000 - 0x00007ffa5acec000 	C:\WINDOWS\System32\sechost.dll
0x00007ffa5a2c0000 - 0x00007ffa5a3eb000 	C:\WINDOWS\System32\RPCRT4.dll
0x00007ffa5a820000 - 0x00007ffa5a828000 	C:\WINDOWS\System32\PSAPI.DLL
0x00007ffa42180000 - 0x00007ffa42189000 	C:\WINDOWS\SYSTEM32\WSOCK32.dll
0x00007ffa4b680000 - 0x00007ffa4b6a7000 	C:\WINDOWS\SYSTEM32\WINMM.dll
0x00007ffa5a9d0000 - 0x00007ffa5aa3b000 	C:\WINDOWS\System32\WS2_32.dll
0x00007ffa410f0000 - 0x00007ffa410fa000 	C:\WINDOWS\SYSTEM32\VERSION.dll
0x00007ffa57690000 - 0x00007ffa576a2000 	C:\WINDOWS\SYSTEM32\kernel.appcore.dll
0x00007ffa56b60000 - 0x00007ffa56b6a000 	C:\Users\Freeware Sys\.jdks\openjdk-14.0.1\bin\jimage.dll
0x00007ffa419d0000 - 0x00007ffa41bb4000 	C:\WINDOWS\SYSTEM32\DBGHELP.DLL
0x00007ffa41010000 - 0x00007ffa4103c000 	C:\WINDOWS\SYSTEM32\dbgcore.DLL
0x00007ffa59730000 - 0x00007ffa597b0000 	C:\WINDOWS\System32\bcryptPrimitives.dll
0x00007ffa51ec0000 - 0x00007ffa51ece000 	C:\Users\Freeware Sys\.jdks\openjdk-14.0.1\bin\instrument.dll
0x00007ffa48490000 - 0x00007ffa484b5000 	C:\Users\Freeware Sys\.jdks\openjdk-14.0.1\bin\java.dll
0x00007ffa4e140000 - 0x00007ffa4e156000 	C:\Users\Freeware Sys\.jdks\openjdk-14.0.1\bin\zip.dll
0x00007ffa5af00000 - 0x00007ffa5b642000 	C:\WINDOWS\System32\SHELL32.dll
0x00007ffa57890000 - 0x00007ffa58020000 	C:\WINDOWS\SYSTEM32\windows.storage.dll
0x00007ffa5a4c0000 - 0x00007ffa5a815000 	C:\WINDOWS\System32\combase.dll
0x00007ffa590d0000 - 0x00007ffa590fc000 	C:\WINDOWS\SYSTEM32\Wldp.dll
0x00007ffa5b7d0000 - 0x00007ffa5b87e000 	C:\WINDOWS\System32\SHCORE.dll
0x00007ffa5a180000 - 0x00007ffa5a1d5000 	C:\WINDOWS\System32\shlwapi.dll
0x00007ffa59670000 - 0x00007ffa5968f000 	C:\WINDOWS\SYSTEM32\profapi.dll
0x00007ffa48db0000 - 0x00007ffa48dc9000 	C:\Users\Freeware Sys\.jdks\openjdk-14.0.1\bin\net.dll
0x00007ffa52d70000 - 0x00007ffa52e7c000 	C:\WINDOWS\SYSTEM32\WINHTTP.dll
0x00007ffa58e50000 - 0x00007ffa58eba000 	C:\WINDOWS\system32\mswsock.dll
0x00007ffa44ba0000 - 0x00007ffa44bb2000 	C:\Users\Freeware Sys\.jdks\openjdk-14.0.1\bin\nio.dll
0x00007ffa55320000 - 0x00007ffa55330000 	C:\Users\Freeware Sys\.jdks\openjdk-14.0.1\bin\verify.dll
0x00007ffa48980000 - 0x00007ffa4899a000 	C:\Program Files\JetBrains\IntelliJ IDEA 2020.1.3\bin\breakgen64.dll
0x00007ffa59020000 - 0x00007ffa59038000 	C:\WINDOWS\SYSTEM32\CRYPTSP.dll
0x00007ffa587f0000 - 0x00007ffa58824000 	C:\WINDOWS\system32\rsaenh.dll
0x00007ffa59a80000 - 0x00007ffa59aa7000 	C:\WINDOWS\System32\bcrypt.dll
0x00007ffa595e0000 - 0x00007ffa5960e000 	C:\WINDOWS\SYSTEM32\USERENV.dll
0x00007ffa59040000 - 0x00007ffa5904c000 	C:\WINDOWS\SYSTEM32\CRYPTBASE.dll
0x00007ffa58b40000 - 0x00007ffa58b7b000 	C:\WINDOWS\SYSTEM32\IPHLPAPI.DLL
0x00007ffa5b650000 - 0x00007ffa5b658000 	C:\WINDOWS\System32\NSI.dll
0x00007ffa52ee0000 - 0x00007ffa52ef7000 	C:\WINDOWS\SYSTEM32\dhcpcsvc6.DLL
0x00007ffa533e0000 - 0x00007ffa533fd000 	C:\WINDOWS\SYSTEM32\dhcpcsvc.DLL
0x00007ffa58b90000 - 0x00007ffa58c5b000 	C:\WINDOWS\SYSTEM32\DNSAPI.dll
0x00007ffa4e0f0000 - 0x00007ffa4e0fa000 	C:\Users\Freeware Sys\AppData\Local\Temp\jansi-1.17.1-5913598501656386626.dll
0x00007ffa4e0d0000 - 0x00007ffa4e0da000 	C:\Users\Freeware Sys\AppData\Local\Temp\jansi-1.17.1-4028450211775747253.dll

dbghelp: loaded successfully - version: 4.0.5 - missing functions: none
symbol engine: initialized successfully - sym options: 0x614 - pdb path: .;C:\Users\Freeware Sys\.jdks\openjdk-14.0.1\bin;C:\WINDOWS\SYSTEM32;C:\WINDOWS\WinSxS\amd64_microsoft.windows.common-controls_6595b64144ccf1df_6.0.19041.844_none_ca00b6081b84eb1d;C:\Users\Freeware Sys\.jdks\openjdk-14.0.1\bin\server;C:\Program Files\JetBrains\IntelliJ IDEA 2020.1.3\bin;C:\Users\Freeware Sys\AppData\Local\Temp

VM Arguments:
jvm_args: -Dmaven.multiModuleProjectDirectory=E:\Personal Projects\Certifications\Coursera\expense\Git Repo\Springboot-React-js-AWS -Dmaven.home=C:\Program Files\JetBrains\IntelliJ IDEA 2020.1.3\plugins\maven\lib\maven3 -Dclassworlds.conf=C:\Program Files\JetBrains\IntelliJ IDEA 2020.1.3\plugins\maven\lib\maven3\bin\m2.conf -Dmaven.ext.class.path=C:\Program Files\JetBrains\IntelliJ IDEA 2020.1.3\plugins\maven\lib\maven-event-listener.jar -javaagent:C:\Program Files\JetBrains\IntelliJ IDEA 2020.1.3\lib\idea_rt.jar=60761:C:\Program Files\JetBrains\IntelliJ IDEA 2020.1.3\bin -Dfile.encoding=UTF-8 
java_command: org.codehaus.classworlds.Launcher -Didea.version2020.1.3 install
java_class_path (initial): C:\Program Files\JetBrains\IntelliJ IDEA 2020.1.3\plugins\maven\lib\maven3\boot\plexus-classworlds-2.6.0.jar;C:\Program Files\JetBrains\IntelliJ IDEA 2020.1.3\plugins\maven\lib\maven3\boot\plexus-classworlds.license
Launcher Type: SUN_STANDARD

[Global flags]
     intx CICompilerCount                          = 3                                         {product} {ergonomic}
     uint ConcGCThreads                            = 1                                         {product} {ergonomic}
     uint G1ConcRefinementThreads                  = 4                                         {product} {ergonomic}
   size_t G1HeapRegionSize                         = 1048576                                   {product} {ergonomic}
    uintx GCDrainStackTargetSize                   = 64                                        {product} {ergonomic}
   size_t InitialHeapSize                          = 134217728                                 {product} {ergonomic}
   size_t MarkStackSize                            = 4194304                                   {product} {ergonomic}
   size_t MaxHeapSize                              = 2116026368                                {product} {ergonomic}
   size_t MaxNewSize                               = 1268776960                                {product} {ergonomic}
   size_t MinHeapDeltaBytes                        = 1048576                                   {product} {ergonomic}
   size_t MinHeapSize                              = 8388608                                   {product} {ergonomic}
    uintx NonNMethodCodeHeapSize                   = 5832780                                {pd product} {ergonomic}
    uintx NonProfiledCodeHeapSize                  = 122912730                              {pd product} {ergonomic}
    uintx ProfiledCodeHeapSize                     = 122912730                              {pd product} {ergonomic}
    uintx ReservedCodeCacheSize                    = 251658240                              {pd product} {ergonomic}
     bool SegmentedCodeCache                       = true                                      {product} {ergonomic}
   size_t SoftMaxHeapSize                          = 2116026368                             {manageable} {ergonomic}
     bool UseCompressedClassPointers               = true                                 {lp64_product} {ergonomic}
     bool UseCompressedOops                        = true                                 {lp64_product} {ergonomic}
     bool UseG1GC                                  = true                                      {product} {ergonomic}
     bool UseLargePagesIndividualAllocation        = false                                  {pd product} {ergonomic}

Logging:
Log output configuration:
 #0: stdout all=warning uptime,level,tags
 #1: stderr all=off uptime,level,tags

Environment Variables:
PATH=C:\Program Files (x86)\Common Files\Oracle\Java\javapath;C:\Program Files\Java\jdk1.8.0_181\bin;C:\Program Files\Microsoft SQL Server\Client SDK\ODBC\130\Tools\Binn\;C:\Program Files (x86)\Microsoft SQL Server\140\Tools\Binn\;C:\Program Files\Microsoft SQL Server\140\Tools\Binn\;C:\Program Files\Microsoft SQL Server\140\DTS\Binn\;C:\Program Files\Intel\WiFi\bin\;C:\Program Files\Common Files\Intel\WirelessCommon\;C:\Program Files\PuTTY\;C:\Program Files\nodejs\;C:\Program Files\Microsoft SQL Server\Client SDK\ODBC\170\Tools\Binn\;C:\Program Files (x86)\Microsoft SQL Server\150\Tools\Binn\;C:\Program Files\Microsoft SQL Server\150\Tools\Binn\;C:\Program Files\Microsoft SQL Server\150\DTS\Binn\;C:\Program Files (x86)\Microsoft SQL Server\150\DTS\Binn\;C:\Program Files\Git\bin;;C:\WINDOWS\system32;C:\WINDOWS;C:\WINDOWS\System32\Wbem;C:\WINDOWS\System32\WindowsPowerShell\v1.0\;C:\WINDOWS\System32\OpenSSH\;C:\Program Files (x86)\ATI Technologies\ATI.ACE\Core-Static;C:\Users\Freeware Sys\AppData\Local\Microsoft\WindowsApps;C:\Program Files\Intel\WiFi\bin\;C:\Program Files\Common Files\Intel\WirelessCommon\;C:\Users\Freeware Sys\AppData\Roaming\npm;C:\WINDOWS\system32\WindowsPowerShell\v1.0;C:\Users\Freeware Sys\AppData\Local\Programs\Microsoft VS Code\bin;C:\Users\Freeware Sys\AppData\Local\GitHubDesktop\bin\;C:\Program Files\Git\bin\;C:\Users\Freeware Sys\AppData\Local\GitHubDesktop\bin;%USERPROFILE%\AppData\Local\Microsoft\WindowsApps;
USERNAME=Freeware Sys
OS=Windows_NT
PROCESSOR_IDENTIFIER=Intel64 Family 6 Model 58 Stepping 9, GenuineIntel



---------------  S Y S T E M  ---------------

OS: Windows 10 , 64 bit Build 19041 (10.0.19041.804)
OS uptime: 11 days 4:56 hours

CPU:total 4 (initial active 4) (2 cores per cpu, 2 threads per core) family 6 model 58 stepping 9, cmov, cx8, fxsr, mmx, sse, sse2, sse3, ssse3, sse4.1, sse4.2, popcnt, avx, aes, clmul, erms, ht, tsc, tscinvbit, tscinv

Memory: 4k page, system-wide physical 8067M (810M free)
TotalPageFile size 14211M (AvailPageFile size 393M)
current process WorkingSet (physical memory assigned to process): 219M, peak: 248M
current process commit charge ("private bytes"): 266M, peak: 306M

vm_info: OpenJDK 64-Bit Server VM (14.0.1+7) for windows-amd64 JRE (14.0.1+7), built on Mar  5 2020 10:30:04 by "mach5one" with MS VC++ 15.9 (VS2017)

END.
