#
# There is insufficient memory for the Java Runtime Environment to continue.
# Native memory allocation (mmap) failed to map 134217728 bytes for Failed to commit area from 0x0000000081e00000 to 0x0000000089e00000 of length 134217728.
# Possible reasons:
#   The system is out of physical RAM or swap space
#   The process is running with CompressedOops enabled, and the Java Heap may be blocking the growth of the native heap
# Possible solutions:
#   Reduce memory load on the system
#   Increase physical memory or swap space
#   Check if swap backing store is full
#   Decrease Java heap size (-Xmx/-Xms)
#   Decrease number of Java threads
#   Decrease Java thread stack sizes (-Xss)
#   Set larger code cache with -XX:ReservedCodeCacheSize=
# This output file may be truncated or incomplete.
#
#  Out of Memory Error (./src/hotspot/os/windows/os_windows.cpp:3303), pid=15284, tid=10704
#
# JRE version:  (11.0.7+10) (build )
# Java VM: OpenJDK 64-Bit Server VM (11.0.7+10-b765.64, mixed mode, sharing, tiered, compressed oops, g1 gc, windows-amd64)
# No core dump will be written. Minidumps are not enabled by default on client versions of Windows
#

---------------  S U M M A R Y ------------

Command Line: org.jetbrains.git4idea.http.GitAskPassApp Username for 'https://github.com': 

Host: Intel(R) Core(TM) i5-3210M CPU @ 2.50GHz, 4 cores, 7G,  Windows 10 , 64 bit Build 19041 (10.0.19041.804)
Time: Sat Feb 27 12:43:15 2021 Mountain Standard Time elapsed time: 0 seconds (0d 0h 0m 0s)

---------------  T H R E A D  ---------------

Current thread (0x000001e51043d000):  JavaThread "Unknown thread" [_thread_in_vm, id=10704, stack(0x00000090b3500000,0x00000090b3600000)]

Stack: [0x00000090b3500000,0x00000090b3600000]
Native frames: (J=compiled Java code, j=interpreted, Vv=VM code, C=native code)
V  [jvm.dll+0x5dda4a]
V  [jvm.dll+0x711595]
V  [jvm.dll+0x712aed]
V  [jvm.dll+0x7131a3]
V  [jvm.dll+0x23e368]
V  [jvm.dll+0x5daf04]
V  [jvm.dll+0x5d0085]
V  [jvm.dll+0x2fb0cb]
V  [jvm.dll+0x2fb03a]
V  [jvm.dll+0x2faf12]
V  [jvm.dll+0x2ffdf6]
V  [jvm.dll+0x348393]
V  [jvm.dll+0x348a96]
V  [jvm.dll+0x348493]
V  [jvm.dll+0x2d59e8]
V  [jvm.dll+0x2d6b87]
V  [jvm.dll+0x6f04e7]
V  [jvm.dll+0x6f1cdc]
V  [jvm.dll+0x355909]
V  [jvm.dll+0x6d42ae]
V  [jvm.dll+0x3bda13]
V  [jvm.dll+0x3bfc51]
C  [jli.dll+0x5363]
C  [ucrtbase.dll+0x21bb2]
C  [KERNEL32.DLL+0x17034]
C  [ntdll.dll+0x4d241]


---------------  P R O C E S S  ---------------

Threads class SMR info:
_java_thread_list=0x000001e50e3a42e0, length=0, elements={
}

Java Threads: ( => current thread )

Other Threads:
  0x000001e510456800 GCTaskThread "GC Thread#0" [stack: 0x00000090b3600000,0x00000090b3700000] [id=15040]
  0x000001e510487800 ConcurrentGCThread "G1 Main Marker" [stack: 0x00000090b3700000,0x00000090b3800000] [id=12196]
  0x000001e51048a000 ConcurrentGCThread "G1 Conc#0" [stack: 0x00000090b3800000,0x00000090b3900000] [id=5868]

[error occurred during error reporting (printing all threads), id 0xc0000005, EXCEPTION_ACCESS_VIOLATION (0xc0000005) at pc=0x00007ff8590c5fc7]

VM state:not at safepoint (not fully initialized)

VM Mutex/Monitor currently owned by a thread:  ([mutex/lock_event])
[0x000001e51043a220] Heap_lock - owner thread: 0x000001e51043d000

Heap address: 0x0000000081e00000, size: 2018 MB, Compressed Oops mode: Non-zero based: 0x0000000081e00000
Narrow klass base: 0x0000000000000000, Narrow klass shift: 0

GC Heap History (0 events):
No events

Deoptimization events (0 events):
No events

Classes redefined (0 events):
No events

Internal exceptions (0 events):
No events

Events (2 events):
Event: 0.013 Loaded shared library C:\Program Files\JetBrains\IntelliJ IDEA 2020.1.3\jbr\bin\zip.dll
Event: 0.014 Loaded shared library C:\Program Files\JetBrains\IntelliJ IDEA 2020.1.3\jbr\bin\jimage.dll


Dynamic libraries:
0x00007ff6a5c00000 - 0x00007ff6a5c0a000 	C:\Program Files\JetBrains\IntelliJ IDEA 2020.1.3\jbr\bin\java.exe
0x00007ff89d210000 - 0x00007ff89d406000 	C:\WINDOWS\SYSTEM32\ntdll.dll
0x00007ff89c630000 - 0x00007ff89c6ed000 	C:\WINDOWS\System32\KERNEL32.DLL
0x00007ff89ad10000 - 0x00007ff89afd9000 	C:\WINDOWS\System32\KERNELBASE.dll
0x00007ff89b140000 - 0x00007ff89b240000 	C:\WINDOWS\System32\ucrtbase.dll
0x00007ff88f050000 - 0x00007ff88f067000 	C:\Program Files\JetBrains\IntelliJ IDEA 2020.1.3\jbr\bin\VCRUNTIME140.dll
0x00007ff88dc80000 - 0x00007ff88dc99000 	C:\Program Files\JetBrains\IntelliJ IDEA 2020.1.3\jbr\bin\jli.dll
0x00007ff89c2e0000 - 0x00007ff89c480000 	C:\WINDOWS\System32\USER32.dll
0x00007ff89b240000 - 0x00007ff89b262000 	C:\WINDOWS\System32\win32u.dll
0x00007ff86aa00000 - 0x00007ff86ac9b000 	C:\WINDOWS\WinSxS\amd64_microsoft.windows.common-controls_6595b64144ccf1df_6.0.19041.746_none_ca02b4b61b8320a4\COMCTL32.dll
0x00007ff89be60000 - 0x00007ff89be8a000 	C:\WINDOWS\System32\GDI32.dll
0x00007ff89cfc0000 - 0x00007ff89d05e000 	C:\WINDOWS\System32\msvcrt.dll
0x00007ff89ac00000 - 0x00007ff89ad0b000 	C:\WINDOWS\System32\gdi32full.dll
0x00007ff89aa20000 - 0x00007ff89aabd000 	C:\WINDOWS\System32\msvcp_win.dll
0x00007ff89d060000 - 0x00007ff89d090000 	C:\WINDOWS\System32\IMM32.DLL
0x00007ff87fe70000 - 0x00007ff87ff0d000 	C:\Program Files\JetBrains\IntelliJ IDEA 2020.1.3\jbr\bin\msvcp140.dll
0x00007ff858de0000 - 0x00007ff85989b000 	C:\Program Files\JetBrains\IntelliJ IDEA 2020.1.3\jbr\bin\server\jvm.dll
0x00007ff89b270000 - 0x00007ff89b31c000 	C:\WINDOWS\System32\ADVAPI32.dll
0x00007ff89b7b0000 - 0x00007ff89b84c000 	C:\WINDOWS\System32\sechost.dll
0x00007ff89c0e0000 - 0x00007ff89c20b000 	C:\WINDOWS\System32\RPCRT4.dll
0x00007ff89d1c0000 - 0x00007ff89d1c8000 	C:\WINDOWS\System32\PSAPI.DLL
0x00007ff882830000 - 0x00007ff882839000 	C:\WINDOWS\SYSTEM32\WSOCK32.dll
0x00007ff88bd30000 - 0x00007ff88bd57000 	C:\WINDOWS\SYSTEM32\WINMM.dll
0x00007ff89b730000 - 0x00007ff89b79b000 	C:\WINDOWS\System32\WS2_32.dll
0x00007ff88da90000 - 0x00007ff88da9a000 	C:\WINDOWS\SYSTEM32\VERSION.dll
0x00007ff8987c0000 - 0x00007ff8987d2000 	C:\WINDOWS\SYSTEM32\kernel.appcore.dll
0x00007ff895250000 - 0x00007ff895261000 	C:\Program Files\JetBrains\IntelliJ IDEA 2020.1.3\jbr\bin\verify.dll
0x00007ff881910000 - 0x00007ff881af4000 	C:\WINDOWS\SYSTEM32\DBGHELP.DLL
0x00007ff87f6a0000 - 0x00007ff87f6cc000 	C:\WINDOWS\SYSTEM32\dbgcore.DLL
0x00007ff89a950000 - 0x00007ff89a9d0000 	C:\WINDOWS\System32\bcryptPrimitives.dll
0x00007ff894230000 - 0x00007ff894259000 	C:\Program Files\JetBrains\IntelliJ IDEA 2020.1.3\jbr\bin\java.dll
0x00007ff88f160000 - 0x00007ff88f178000 	C:\Program Files\JetBrains\IntelliJ IDEA 2020.1.3\jbr\bin\zip.dll
0x00007ff895240000 - 0x00007ff89524b000 	C:\Program Files\JetBrains\IntelliJ IDEA 2020.1.3\jbr\bin\jimage.dll

dbghelp: loaded successfully - version: 4.0.5 - missing functions: none
symbol engine: initialized successfully - sym options: 0x614 - pdb path: .;C:\Program Files\JetBrains\IntelliJ IDEA 2020.1.3\jbr\bin;C:\WINDOWS\SYSTEM32;C:\WINDOWS\WinSxS\amd64_microsoft.windows.common-controls_6595b64144ccf1df_6.0.19041.746_none_ca02b4b61b8320a4;C:\Program Files\JetBrains\IntelliJ IDEA 2020.1.3\jbr\bin\server

VM Arguments:
java_command: org.jetbrains.git4idea.http.GitAskPassApp Username for 'https://github.com': 
java_class_path (initial): C:/Program Files/JetBrains/IntelliJ IDEA 2020.1.3/plugins/git4idea/lib/git4idea-rt.jar;C:/Program Files/JetBrains/IntelliJ IDEA 2020.1.3/lib/xmlrpc-2.0.1.jar;C:/Program Files/JetBrains/IntelliJ IDEA 2020.1.3/lib/commons-codec-1.14.jar;C:/Program Files/JetBrains/IntelliJ IDEA 2020.1.3/lib/util.jar
Launcher Type: SUN_STANDARD

[Global flags]
     intx CICompilerCount                          = 3                                         {product} {ergonomic}
     uint ConcGCThreads                            = 1                                         {product} {ergonomic}
     uint G1ConcRefinementThreads                  = 4                                         {product} {ergonomic}
   size_t G1HeapRegionSize                         = 1048576                                   {product} {ergonomic}
    uintx GCDrainStackTargetSize                   = 64                                        {product} {ergonomic}
   size_t InitialHeapSize                          = 134217728                                 {product} {ergonomic}
   size_t MarkStackSize                            = 4194304                                   {product} {ergonomic}
   size_t MaxHeapSize                              = 2116026368                                {product} {ergonomic}
   size_t MinHeapDeltaBytes                        = 1048576                                   {product} {ergonomic}
    uintx NonNMethodCodeHeapSize                   = 5830732                                {pd product} {ergonomic}
    uintx NonProfiledCodeHeapSize                  = 122913754                              {pd product} {ergonomic}
    uintx ProfiledCodeHeapSize                     = 122913754                              {pd product} {ergonomic}
    uintx ReservedCodeCacheSize                    = 251658240                              {pd product} {ergonomic}
     bool SegmentedCodeCache                       = true                                      {product} {ergonomic}
     bool UseCompressedClassPointers               = true                                 {lp64_product} {ergonomic}
     bool UseCompressedOops                        = true                                 {lp64_product} {ergonomic}
     bool UseG1GC                                  = true                                      {product} {ergonomic}
     bool UseLargePagesIndividualAllocation        = false                                  {pd product} {ergonomic}

Logging:
Log output configuration:
 #0: stdout all=warning uptime,level,tags
 #1: stderr all=off uptime,level,tags

Environment Variables:
PATH=C:\Program Files\Git\mingw64\libexec\git-core;C:\Program Files\Git\mingw64\libexec\git-core;C:\Program Files\Git\mingw64\bin;C:\Program Files\Git\usr\bin;C:\Users\Freeware Sys\bin;C:\Program Files (x86)\Common Files\Oracle\Java\javapath;C:\Program Files\Java\jdk1.8.0_181\bin;C:\Program Files\Microsoft SQL Server\Client SDK\ODBC\130\Tools\Binn;C:\Program Files (x86)\Microsoft SQL Server\140\Tools\Binn;C:\Program Files\Microsoft SQL Server\140\Tools\Binn;C:\Program Files\Microsoft SQL Server\140\DTS\Binn;C:\Program Files\Intel\WiFi\bin;C:\Program Files\Common Files\Intel\WirelessCommon;C:\Program Files\PuTTY;C:\Program Files\nodejs;C:\Program Files\Microsoft SQL Server\Client SDK\ODBC\170\Tools\Binn;C:\Program Files (x86)\Microsoft SQL Server\150\Tools\Binn;C:\Program Files\Microsoft SQL Server\150\Tools\Binn;C:\Program Files\Microsoft SQL Server\150\DTS\Binn;C:\Program Files (x86)\Microsoft SQL Server\150\DTS\Binn;C:\Program Files\Git\usr\bin;C:\WINDOWS\system32;C:\WINDOWS;C:\WINDOWS\System32\Wbem;C:\WINDOWS\System32\WindowsPowerShell\v1.0;C:\WINDOWS\System32\OpenSSH;C:\Program Files (x86)\ATI Technologies\ATI.ACE\Core-Static;C:\Users\Freeware Sys\AppData\Local\Microsoft\WindowsApps;C:\Program Files\Intel\WiFi\bin;C:\Program Files\Common Files\Intel\WirelessCommon;C:\Users\Freeware Sys\AppData\Roaming\npm;C:\WINDOWS\system32\WindowsPowerShell\v1.0;C:\Users\Freeware Sys\AppData\Local\Programs\Microsoft VS Code\bin;C:\Users\Freeware Sys\AppData\Local\GitHubDesktop\bin;C:\Program Files\Git\usr\bin;C:\Users\Freeware Sys\AppData\Local\GitHubDesktop\bin;%USERPROFILE%\AppData\Local\Microsoft\WindowsApps
USERNAME=Freeware Sys
DISPLAY=:0.0
OS=Windows_NT
PROCESSOR_IDENTIFIER=Intel64 Family 6 Model 58 Stepping 9, GenuineIntel



---------------  S Y S T E M  ---------------

OS: Windows 10 , 64 bit Build 19041 (10.0.19041.804)
OS uptime: 6 days 2:25 hours

CPU:total 4 (initial active 4) (2 cores per cpu, 2 threads per core) family 6 model 58 stepping 9, cmov, cx8, fxsr, mmx, sse, sse2, sse3, ssse3, sse4.1, sse4.2, popcnt, avx, aes, clmul, erms, ht, tsc, tscinvbit, tscinv

Memory: 4k page, system-wide physical 8067M (591M free)
TotalPageFile size 14211M (AvailPageFile size 82M)
current process WorkingSet (physical memory assigned to process): 9M, peak: 9M
current process commit charge ("private bytes"): 51M, peak: 179M

vm_info: OpenJDK 64-Bit Server VM (11.0.7+10-b765.64) for windows-amd64 JRE (11.0.7+10-b765.64), built on Jun 22 2020 14:48:21 by "" with MS VC++ 14.0 (VS2015)

END.
