#
# There is insufficient memory for the Java Runtime Environment to continue.
# Native memory allocation (mmap) failed to map 134217728 bytes for Failed to commit area from 0x0000000081e00000 to 0x0000000089e00000 of length 134217728.
# Possible reasons:
#   The system is out of physical RAM or swap space
#   The process is running with CompressedOops enabled, and the Java Heap may be blocking the growth of the native heap
# Possible solutions:
#   Reduce memory load on the system
#   Increase physical memory or swap space
#   Check if swap backing store is full
#   Decrease Java heap size (-Xmx/-Xms)
#   Decrease number of Java threads
#   Decrease Java thread stack sizes (-Xss)
#   Set larger code cache with -XX:ReservedCodeCacheSize=
# This output file may be truncated or incomplete.
#
#  Out of Memory Error (./src/hotspot/os/windows/os_windows.cpp:3511), pid=11544, tid=7424
#
# JRE version:  (11.0.11+9) (build )
# Java VM: OpenJDK 64-Bit Server VM (11.0.11+9-b1504.13, mixed mode, sharing, tiered, compressed oops, g1 gc, windows-amd64)
# No core dump will be written. Minidumps are not enabled by default on client versions of Windows
#

---------------  S U M M A R Y ------------

Command Line: git4idea.http.GitAskPassApp Username for 'https://github.com': 

Host: Intel(R) Core(TM) i5-3210M CPU @ 2.50GHz, 4 cores, 7G,  Windows 10 , 64 bit Build 19041 (10.0.19041.1348)
Time: Wed Jan 19 23:49:48 2022 Mountain Standard Time elapsed time: 0.114262 seconds (0d 0h 0m 0s)

---------------  T H R E A D  ---------------

Current thread (0x000001a2841fb000):  JavaThread "Unknown thread" [_thread_in_vm, id=7424, stack(0x0000009e31300000,0x0000009e31400000)]

Stack: [0x0000009e31300000,0x0000009e31400000]
Native frames: (J=compiled Java code, j=interpreted, Vv=VM code, C=native code)
V  [jvm.dll+0x5f5d5a]
V  [jvm.dll+0x7798b5]
V  [jvm.dll+0x77aecd]
V  [jvm.dll+0x77b583]
V  [jvm.dll+0x244978]
V  [jvm.dll+0x5f3174]
V  [jvm.dll+0x5e7d55]
V  [jvm.dll+0x30068b]
V  [jvm.dll+0x3005fa]
V  [jvm.dll+0x3004d2]
V  [jvm.dll+0x3053c6]
V  [jvm.dll+0x34e0a3]
V  [jvm.dll+0x34e7a6]
V  [jvm.dll+0x34e1a3]
V  [jvm.dll+0x2db0c8]
V  [jvm.dll+0x2dc267]
V  [jvm.dll+0x758057]
V  [jvm.dll+0x75984c]
V  [jvm.dll+0x35b659]
V  [jvm.dll+0x73b67e]
V  [jvm.dll+0x3c39f3]
V  [jvm.dll+0x3c5dd1]
C  [jli.dll+0x5373]
C  [ucrtbase.dll+0x21bb2]
C  [KERNEL32.DLL+0x17034]
C  [ntdll.dll+0x52651]


---------------  P R O C E S S  ---------------

Threads class SMR info:
_java_thread_list=0x000001a282162100, length=0, elements={
}

Java Threads: ( => current thread )

Other Threads:
  0x000001a284214800 GCTaskThread "GC Thread#0" [stack: 0x0000009e31400000,0x0000009e31500000] [id=9076]
  0x000001a284245800 ConcurrentGCThread "G1 Main Marker" [stack: 0x0000009e31500000,0x0000009e31600000] [id=13096]
  0x000001a284248000 ConcurrentGCThread "G1 Conc#0" [stack: 0x0000009e31600000,0x0000009e31700000] [id=10936]

[error occurred during error reporting (printing all threads), id 0xc0000005, EXCEPTION_ACCESS_VIOLATION (0xc0000005) at pc=0x00007ffe2de4b8f7]

VM state:not at safepoint (not fully initialized)

VM Mutex/Monitor currently owned by a thread:  ([mutex/lock_event])
[0x000001a2841f7d70] Heap_lock - owner thread: 0x000001a2841fb000

Heap address: 0x0000000081e00000, size: 2018 MB, Compressed Oops mode: Non-zero based: 0x0000000081e00000
Narrow klass base: 0x0000000000000000, Narrow klass shift: 0

GC Heap History (0 events):
No events

Deoptimization events (0 events):
No events

Classes redefined (0 events):
No events

Internal exceptions (0 events):
No events

Events (1 events):
Event: 0.012 Loaded shared library C:\Program Files\JetBrains\IntelliJ IDEA 2021.2\jbr\bin\zip.dll


Dynamic libraries:
0x00007ff6932b0000 - 0x00007ff6932ba000 	C:\Program Files\JetBrains\IntelliJ IDEA 2021.2\jbr\bin\java.exe
0x00007ffe841d0000 - 0x00007ffe843c5000 	C:\WINDOWS\SYSTEM32\ntdll.dll
0x00007ffe82280000 - 0x00007ffe8233e000 	C:\WINDOWS\System32\KERNEL32.DLL
0x00007ffe81bb0000 - 0x00007ffe81e78000 	C:\WINDOWS\System32\KERNELBASE.dll
0x00007ffe81f90000 - 0x00007ffe82090000 	C:\WINDOWS\System32\ucrtbase.dll
0x00007ffe6f000000 - 0x00007ffe6f017000 	C:\Program Files\JetBrains\IntelliJ IDEA 2021.2\jbr\bin\VCRUNTIME140.dll
0x00007ffe6af60000 - 0x00007ffe6af79000 	C:\Program Files\JetBrains\IntelliJ IDEA 2021.2\jbr\bin\jli.dll
0x00007ffe82b10000 - 0x00007ffe82cb1000 	C:\WINDOWS\System32\USER32.dll
0x00007ffe5e790000 - 0x00007ffe5ea2a000 	C:\WINDOWS\WinSxS\amd64_microsoft.windows.common-controls_6595b64144ccf1df_6.0.19041.1110_none_60b5254171f9507e\COMCTL32.dll
0x00007ffe821f0000 - 0x00007ffe82212000 	C:\WINDOWS\System32\win32u.dll
0x00007ffe83bc0000 - 0x00007ffe83c5e000 	C:\WINDOWS\System32\msvcrt.dll
0x00007ffe83850000 - 0x00007ffe8387b000 	C:\WINDOWS\System32\GDI32.dll
0x00007ffe81e80000 - 0x00007ffe81f8b000 	C:\WINDOWS\System32\gdi32full.dll
0x00007ffe81a60000 - 0x00007ffe81afd000 	C:\WINDOWS\System32\msvcp_win.dll
0x00007ffe83fc0000 - 0x00007ffe83ff0000 	C:\WINDOWS\System32\IMM32.DLL
0x00007ffe590e0000 - 0x00007ffe5917d000 	C:\Program Files\JetBrains\IntelliJ IDEA 2021.2\jbr\bin\msvcp140.dll
0x00007ffe2db60000 - 0x00007ffe2e6aa000 	C:\Program Files\JetBrains\IntelliJ IDEA 2021.2\jbr\bin\server\jvm.dll
0x00007ffe83310000 - 0x00007ffe833bc000 	C:\WINDOWS\System32\ADVAPI32.dll
0x00007ffe83b20000 - 0x00007ffe83bbb000 	C:\WINDOWS\System32\sechost.dll
0x00007ffe83720000 - 0x00007ffe8384a000 	C:\WINDOWS\System32\RPCRT4.dll
0x00007ffe82b00000 - 0x00007ffe82b08000 	C:\WINDOWS\System32\PSAPI.DLL
0x00007ffe6c630000 - 0x00007ffe6c657000 	C:\WINDOWS\SYSTEM32\WINMM.dll
0x00007ffe68e10000 - 0x00007ffe68e19000 	C:\WINDOWS\SYSTEM32\WSOCK32.dll
0x00007ffe6d240000 - 0x00007ffe6d24a000 	C:\WINDOWS\SYSTEM32\VERSION.dll
0x00007ffe83500000 - 0x00007ffe8356b000 	C:\WINDOWS\System32\WS2_32.dll
0x00007ffe7f7f0000 - 0x00007ffe7f802000 	C:\WINDOWS\SYSTEM32\kernel.appcore.dll
0x00007ffe78850000 - 0x00007ffe78861000 	C:\Program Files\JetBrains\IntelliJ IDEA 2021.2\jbr\bin\verify.dll
0x00007ffe6b4e0000 - 0x00007ffe6b6c4000 	C:\WINDOWS\SYSTEM32\DBGHELP.DLL
0x00007ffe6aca0000 - 0x00007ffe6accc000 	C:\WINDOWS\SYSTEM32\dbgcore.DLL
0x00007ffe819d0000 - 0x00007ffe81a53000 	C:\WINDOWS\System32\bcryptPrimitives.dll
0x00007ffe78820000 - 0x00007ffe78849000 	C:\Program Files\JetBrains\IntelliJ IDEA 2021.2\jbr\bin\java.dll
0x00007ffe78ab0000 - 0x00007ffe78abb000 	C:\Program Files\JetBrains\IntelliJ IDEA 2021.2\jbr\bin\jimage.dll
0x00007ffe78750000 - 0x00007ffe78768000 	C:\Program Files\JetBrains\IntelliJ IDEA 2021.2\jbr\bin\zip.dll

dbghelp: loaded successfully - version: 4.0.5 - missing functions: none
symbol engine: initialized successfully - sym options: 0x614 - pdb path: .;C:\Program Files\JetBrains\IntelliJ IDEA 2021.2\jbr\bin;C:\WINDOWS\SYSTEM32;C:\WINDOWS\WinSxS\amd64_microsoft.windows.common-controls_6595b64144ccf1df_6.0.19041.1110_none_60b5254171f9507e;C:\Program Files\JetBrains\IntelliJ IDEA 2021.2\jbr\bin\server

VM Arguments:
java_command: git4idea.http.GitAskPassApp Username for 'https://github.com': 
java_class_path (initial): C:/Program Files/JetBrains/IntelliJ IDEA 2021.2/plugins/git4idea/lib/git4idea-rt.jar;C:/Program Files/JetBrains/IntelliJ IDEA 2021.2/lib/3rd-party.jar
Launcher Type: SUN_STANDARD

[Global flags]
     intx CICompilerCount                          = 3                                         {product} {ergonomic}
     uint ConcGCThreads                            = 1                                         {product} {ergonomic}
     uint G1ConcRefinementThreads                  = 4                                         {product} {ergonomic}
   size_t G1HeapRegionSize                         = 1048576                                   {product} {ergonomic}
    uintx GCDrainStackTargetSize                   = 64                                        {product} {ergonomic}
   size_t InitialHeapSize                          = 134217728                                 {product} {ergonomic}
   size_t MarkStackSize                            = 4194304                                   {product} {ergonomic}
   size_t MaxHeapSize                              = 2116026368                                {product} {ergonomic}
   size_t MinHeapDeltaBytes                        = 1048576                                   {product} {ergonomic}
    uintx NonNMethodCodeHeapSize                   = 5830732                                {pd product} {ergonomic}
    uintx NonProfiledCodeHeapSize                  = 122913754                              {pd product} {ergonomic}
    uintx ProfiledCodeHeapSize                     = 122913754                              {pd product} {ergonomic}
    uintx ReservedCodeCacheSize                    = 251658240                              {pd product} {ergonomic}
     bool SegmentedCodeCache                       = true                                      {product} {ergonomic}
     bool UseCompressedClassPointers               = true                                 {lp64_product} {ergonomic}
     bool UseCompressedOops                        = true                                 {lp64_product} {ergonomic}
     bool UseG1GC                                  = true                                      {product} {ergonomic}
     bool UseLargePagesIndividualAllocation        = false                                  {pd product} {ergonomic}

Logging:
Log output configuration:
 #0: stdout all=warning uptime,level,tags
 #1: stderr all=off uptime,level,tags

Environment Variables:
PATH=C:\Program Files\Git\mingw64\libexec\git-core;C:\Program Files\Git\mingw64\libexec\git-core;C:\Program Files\Git\mingw64\bin;C:\Program Files\Git\usr\bin;C:\Users\Freeware Sys\bin;C:\Program Files (x86)\Common Files\Oracle\Java\javapath;C:\Program Files\Java\jdk1.8.0_181\bin;C:\Program Files\Microsoft SQL Server\Client SDK\ODBC\130\Tools\Binn;C:\Program Files (x86)\Microsoft SQL Server\140\Tools\Binn;C:\Program Files\Microsoft SQL Server\140\Tools\Binn;C:\Program Files\Microsoft SQL Server\140\DTS\Binn;C:\Program Files\Intel\WiFi\bin;C:\Program Files\Common Files\Intel\WirelessCommon;C:\Program Files\PuTTY;C:\Program Files\nodejs;C:\Program Files\Microsoft SQL Server\Client SDK\ODBC\170\Tools\Binn;C:\Program Files (x86)\Microsoft SQL Server\150\Tools\Binn;C:\Program Files\Microsoft SQL Server\150\Tools\Binn;C:\Program Files\Microsoft SQL Server\150\DTS\Binn;C:\Program Files (x86)\Microsoft SQL Server\150\DTS\Binn;C:\WINDOWS\system32;C:\WINDOWS;C:\WINDOWS\System32\Wbem;C:\WINDOWS\System32\WindowsPowerShell\v1.0;C:\WINDOWS\System32\OpenSSH;C:\Program Files (x86)\ATI Technologies\ATI.ACE\Core-Static;C:\Program Files\Git\cmd;%M2_HOME%\bin;C:\Users\Freeware Sys\AppData\Local\Microsoft\WindowsApps;C:\Program Files\Intel\WiFi\bin;C:\Program Files\Common Files\Intel\WirelessCommon;C:\Users\Freeware Sys\AppData\Roaming\npm;C:\WINDOWS\system32\WindowsPowerShell\v1.0;C:\Users\Freeware Sys\AppData\Local\Programs\Microsoft VS Code\bin;C:\Users\Freeware Sys\AppData\Local\GitHubDesktop\bin;C:\Program Files\Git\usr\bin;C:\Users\Freeware Sys\AppData\Local\GitHubDesktop\bin;%USERPROFILE%\AppData\Local\Microsoft\WindowsApps
USERNAME=Freeware Sys
DISPLAY=:0.0
LC_ALL=en_US.UTF-8
OS=Windows_NT
PROCESSOR_IDENTIFIER=Intel64 Family 6 Model 58 Stepping 9, GenuineIntel



---------------  S Y S T E M  ---------------

OS: Windows 10 , 64 bit Build 19041 (10.0.19041.1348)
OS uptime: 6 days 3:02 hours

CPU:total 4 (initial active 4) (2 cores per cpu, 2 threads per core) family 6 model 58 stepping 9 microcode 0x21, cmov, cx8, fxsr, mmx, sse, sse2, sse3, ssse3, sse4.1, sse4.2, popcnt, avx, aes, clmul, erms, ht, tsc, tscinvbit, tscinv

Memory: 4k page, system-wide physical 8067M (536M free)
TotalPageFile size 14211M (AvailPageFile size 84M)
current process WorkingSet (physical memory assigned to process): 9M, peak: 9M
current process commit charge ("private bytes"): 51M, peak: 179M

vm_info: OpenJDK 64-Bit Server VM (11.0.11+9-b1504.13) for windows-amd64 JRE (11.0.11+9-b1504.13), built on Jul 18 2021 03:17:44 by "" with MS VC++ 14.0 (VS2015)

END.
